====================================================================
2025-02-06 20:43:24 - CPU and Memory Usage for Kathara-Related Processes
====================================================================
USER       PID      %CPU     %MEM     VSZ(KB)  COMMAND
--------------------------------------------------------------------
root       30627    33.3     0.0      28308    sudo
root       1897     0.3      0.6      3320196  /usr/bin/dockerd
root       1997     0.0      0.0      716388   ./katharanp
root       30628    0.0      0.0      28308    sudo
root       30629    0.0      0.0      18608    /bin/bash
--------------------------------------------------------------------

====================================================================
2025-02-06 20:43:26 - CPU and Memory Usage for Kathara-Related Processes
====================================================================
USER       PID      %CPU     %MEM     VSZ(KB)  COMMAND
--------------------------------------------------------------------
root       30627    0.9      0.0      28308    sudo
root       1897     0.3      0.6      3320196  /usr/bin/dockerd
root       1997     0.0      0.0      716388   ./katharanp
root       30628    0.0      0.0      28308    sudo
root       30629    0.0      0.0      18608    /bin/bash
--------------------------------------------------------------------

====================================================================
2025-02-06 20:43:27 - CPU and Memory Usage for Kathara-Related Processes
====================================================================
USER       PID      %CPU     %MEM     VSZ(KB)  COMMAND
--------------------------------------------------------------------
root       30627    0.4      0.0      28308    sudo
root       30629    0.4      0.0      18608    /bin/bash
root       1897     0.3      0.6      3320196  /usr/bin/dockerd
root       1997     0.0      0.0      716388   ./katharanp
root       30628    0.0      0.0      28308    sudo
--------------------------------------------------------------------

====================================================================
2025-02-06 20:43:28 - CPU and Memory Usage for Kathara-Related Processes
====================================================================
USER       PID      %CPU     %MEM     VSZ(KB)  COMMAND
--------------------------------------------------------------------
root       1897     0.3      0.6      3320196  /usr/bin/dockerd
root       30627    0.3      0.0      28308    sudo
root       30629    0.3      0.0      18608    /bin/bash
root       1997     0.0      0.0      716388   ./katharanp
root       30628    0.0      0.0      28308    sudo
--------------------------------------------------------------------

====================================================================
2025-02-06 20:43:29 - CPU and Memory Usage for Kathara-Related Processes
====================================================================
USER       PID      %CPU     %MEM     VSZ(KB)  COMMAND
--------------------------------------------------------------------
root       1897     0.3      0.6      3320196  /usr/bin/dockerd
root       30627    0.2      0.0      28308    sudo
root       30629    0.2      0.0      18608    /bin/bash
root       1997     0.0      0.0      716388   ./katharanp
root       30628    0.0      0.0      28308    sudo
--------------------------------------------------------------------

====================================================================
2025-02-06 20:43:30 - CPU and Memory Usage for Kathara-Related Processes
====================================================================
USER       PID      %CPU     %MEM     VSZ(KB)  COMMAND
--------------------------------------------------------------------
teo        30676    103      0.8      189324   kathara
root       1897     0.3      0.6      3320196  /usr/bin/dockerd
root       30629    0.3      0.0      18608    /bin/bash
root       30627    0.1      0.0      28308    sudo
root       1997     0.0      0.0      716388   ./katharanp
root       30628    0.0      0.0      28308    sudo
--------------------------------------------------------------------

====================================================================
2025-02-06 20:43:31 - CPU and Memory Usage for Kathara-Related Processes
====================================================================
USER       PID      %CPU     %MEM     VSZ(KB)  COMMAND
--------------------------------------------------------------------
teo        30676    65.7     1.1      1556252  kathara
root       1897     0.3      0.6      3320196  /usr/bin/dockerd
root       30629    0.3      0.0      18608    /bin/bash
root       30627    0.1      0.0      28308    sudo
root       1997     0.0      0.0      716388   ./katharanp
root       30628    0.0      0.0      28308    sudo
root       30721    0.0      0.0      1668     vde_switch
root       30724    0.0      0.0      1668     vde_switch
--------------------------------------------------------------------

====================================================================
2025-02-06 20:43:32 - CPU and Memory Usage for Kathara-Related Processes
====================================================================
USER       PID      %CPU     %MEM     VSZ(KB)  COMMAND
--------------------------------------------------------------------
teo        30676    42.0     1.1      1556252  kathara
root       1897     0.3      0.6      3320196  /usr/bin/dockerd
root       30629    0.2      0.0      18608    /bin/bash
root       30627    0.1      0.0      28308    sudo
root       1997     0.0      0.0      716388   ./katharanp
root       30628    0.0      0.0      28308    sudo
root       30721    0.0      0.0      1668     vde_switch
root       30724    0.0      0.0      1668     vde_switch
--------------------------------------------------------------------

====================================================================
2025-02-06 20:43:33 - CPU and Memory Usage for Kathara-Related Processes
====================================================================
USER       PID      %CPU     %MEM     VSZ(KB)  COMMAND
--------------------------------------------------------------------
teo        30676    30.8     1.1      1556252  kathara
root       1897     0.3      0.6      3320196  /usr/bin/dockerd
root       30629    0.3      0.0      18608    /bin/bash
root       30627    0.1      0.0      28308    sudo
root       1997     0.0      0.0      716388   ./katharanp
root       30628    0.0      0.0      28308    sudo
root       30721    0.0      0.0      1668     vde_switch
root       30724    0.0      0.0      1668     vde_switch
--------------------------------------------------------------------

====================================================================
2025-02-06 20:43:34 - CPU and Memory Usage for Kathara-Related Processes
====================================================================
USER       PID      %CPU     %MEM     VSZ(KB)  COMMAND
--------------------------------------------------------------------
teo        31065    37.5     0.0      27952    /usr/bin/xterm
teo        31066    37.5     0.0      27952    /usr/bin/xterm
teo        31069    37.5     0.0      27952    /usr/bin/xterm
teo        30676    30.4     1.1      1572876  kathara
root       1897     0.3      0.6      3320452  /usr/bin/dockerd
root       30629    0.3      0.0      18608    /bin/bash
root       30627    0.1      0.0      28308    sudo
root       1997     0.0      0.0      716948   ./katharanp
root       30628    0.0      0.0      28308    sudo
root       30721    0.0      0.0      1668     vde_switch
root       30724    0.0      0.0      1668     vde_switch
--------------------------------------------------------------------

====================================================================
2025-02-06 20:43:35 - CPU and Memory Usage for Kathara-Related Processes
====================================================================
USER       PID      %CPU     %MEM     VSZ(KB)  COMMAND
--------------------------------------------------------------------
teo        31093    104      1.0      204104   /usr/lib/kathara/kathara
teo        31094    103      1.0      203844   /usr/lib/kathara/kathara
teo        31095    103      1.0      203972   /usr/lib/kathara/kathara
teo        31065    3.5      0.0      27952    /usr/bin/xterm
teo        31069    3.5      0.0      27952    /usr/bin/xterm
teo        31066    2.6      0.0      27952    /usr/bin/xterm
root       1897     0.3      0.6      3320452  /usr/bin/dockerd
root       30629    0.3      0.0      18608    /bin/bash
root       1997     0.0      0.0      716948   ./katharanp
root       30627    0.0      0.0      28308    sudo
root       30628    0.0      0.0      28308    sudo
root       30721    0.0      0.0      1668     vde_switch
root       30724    0.0      0.0      1668     vde_switch
--------------------------------------------------------------------

====================================================================
2025-02-06 20:43:36 - CPU and Memory Usage for Kathara-Related Processes
====================================================================
USER       PID      %CPU     %MEM     VSZ(KB)  COMMAND
--------------------------------------------------------------------
teo        31095    60.8     1.1      213240   /usr/lib/kathara/kathara
teo        31093    60.6     1.1      213236   /usr/lib/kathara/kathara
teo        31094    60.1     1.1      212756   /usr/lib/kathara/kathara
teo        31065    1.8      0.0      27952    /usr/bin/xterm
teo        31066    1.8      0.0      27952    /usr/bin/xterm
teo        31069    1.8      0.0      27952    /usr/bin/xterm
root       1897     0.3      0.6      3320452  /usr/bin/dockerd
root       30629    0.3      0.0      18608    /bin/bash
root       1997     0.0      0.0      716948   ./katharanp
root       30627    0.0      0.0      28308    sudo
root       30628    0.0      0.0      28308    sudo
root       30721    0.0      0.0      1668     vde_switch
root       30724    0.0      0.0      1668     vde_switch
--------------------------------------------------------------------

====================================================================
2025-02-06 20:43:37 - CPU and Memory Usage for Kathara-Related Processes
====================================================================
USER       PID      %CPU     %MEM     VSZ(KB)  COMMAND
--------------------------------------------------------------------
teo        31094    40.2     1.1      212756   /usr/lib/kathara/kathara
teo        31093    39.9     1.1      213236   /usr/lib/kathara/kathara
teo        31095    39.6     1.1      213240   /usr/lib/kathara/kathara
teo        31066    2.4      0.0      27952    /usr/bin/xterm
teo        31065    1.2      0.0      27952    /usr/bin/xterm
teo        31069    1.2      0.0      27952    /usr/bin/xterm
root       1897     0.3      0.6      3320452  /usr/bin/dockerd
root       30629    0.3      0.0      18608    /bin/bash
root       1997     0.0      0.0      716948   ./katharanp
root       30627    0.0      0.0      28308    sudo
root       30628    0.0      0.0      28308    sudo
root       30721    0.0      0.0      1668     vde_switch
root       30724    0.0      0.0      1668     vde_switch
--------------------------------------------------------------------

====================================================================
2025-02-06 20:43:38 - CPU and Memory Usage for Kathara-Related Processes
====================================================================
USER       PID      %CPU     %MEM     VSZ(KB)  COMMAND
--------------------------------------------------------------------
teo        31094    30.1     1.1      212756   /usr/lib/kathara/kathara
teo        31093    29.6     1.1      213236   /usr/lib/kathara/kathara
teo        31095    29.4     1.1      213240   /usr/lib/kathara/kathara
teo        31066    1.8      0.0      27952    /usr/bin/xterm
teo        31065    0.9      0.0      27952    /usr/bin/xterm
teo        31069    0.9      0.0      27952    /usr/bin/xterm
root       1897     0.3      0.6      3320452  /usr/bin/dockerd
root       30629    0.3      0.0      18608    /bin/bash
root       1997     0.0      0.0      716948   ./katharanp
root       30627    0.0      0.0      28308    sudo
root       30628    0.0      0.0      28308    sudo
root       30721    0.0      0.0      1668     vde_switch
root       30724    0.0      0.0      1668     vde_switch
--------------------------------------------------------------------

====================================================================
2025-02-06 20:43:39 - CPU and Memory Usage for Kathara-Related Processes
====================================================================
USER       PID      %CPU     %MEM     VSZ(KB)  COMMAND
--------------------------------------------------------------------
teo        31094    24.8     1.1      213244   /usr/lib/kathara/kathara
teo        31093    23.7     1.1      213236   /usr/lib/kathara/kathara
teo        31095    23.4     1.1      213240   /usr/lib/kathara/kathara
teo        31066    1.4      0.0      27952    /usr/bin/xterm
teo        31065    0.7      0.0      27952    /usr/bin/xterm
teo        31069    0.7      0.0      27952    /usr/bin/xterm
root       1897     0.3      0.6      3320452  /usr/bin/dockerd
root       30629    0.3      0.0      18608    /bin/bash
root       1997     0.0      0.0      716948   ./katharanp
root       30627    0.0      0.0      28308    sudo
root       30628    0.0      0.0      28308    sudo
root       30721    0.0      0.0      1668     vde_switch
root       30724    0.0      0.0      1668     vde_switch
--------------------------------------------------------------------

====================================================================
2025-02-06 20:43:40 - CPU and Memory Usage for Kathara-Related Processes
====================================================================
USER       PID      %CPU     %MEM     VSZ(KB)  COMMAND
--------------------------------------------------------------------
teo        31094    20.6     1.1      213244   /usr/lib/kathara/kathara
teo        31093    19.7     1.1      213236   /usr/lib/kathara/kathara
teo        31095    19.4     1.1      213240   /usr/lib/kathara/kathara
teo        31066    1.2      0.0      27952    /usr/bin/xterm
teo        31065    0.6      0.0      27952    /usr/bin/xterm
teo        31069    0.6      0.0      27952    /usr/bin/xterm
root       1897     0.3      0.6      3320452  /usr/bin/dockerd
root       30629    0.3      0.0      18608    /bin/bash
root       1997     0.0      0.0      716948   ./katharanp
root       30627    0.0      0.0      28308    sudo
root       30628    0.0      0.0      28308    sudo
root       30721    0.0      0.0      1668     vde_switch
root       30724    0.0      0.0      1668     vde_switch
--------------------------------------------------------------------

====================================================================
2025-02-06 20:43:42 - CPU and Memory Usage for Kathara-Related Processes
====================================================================
USER       PID      %CPU     %MEM     VSZ(KB)  COMMAND
--------------------------------------------------------------------
teo        31094    17.6     1.1      213244   /usr/lib/kathara/kathara
teo        31093    16.8     1.1      213236   /usr/lib/kathara/kathara
teo        31095    16.6     1.1      213240   /usr/lib/kathara/kathara
teo        31066    1.1      0.0      27952    /usr/bin/xterm
teo        31065    0.5      0.0      27952    /usr/bin/xterm
teo        31069    0.5      0.0      27952    /usr/bin/xterm
root       30629    0.4      0.0      18608    /bin/bash
root       1897     0.3      0.6      3320452  /usr/bin/dockerd
root       1997     0.0      0.0      716948   ./katharanp
root       30627    0.0      0.0      28308    sudo
root       30628    0.0      0.0      28308    sudo
root       30721    0.0      0.0      1668     vde_switch
root       30724    0.0      0.0      1668     vde_switch
--------------------------------------------------------------------

====================================================================
2025-02-06 20:43:43 - CPU and Memory Usage for Kathara-Related Processes
====================================================================
USER       PID      %CPU     %MEM     VSZ(KB)  COMMAND
--------------------------------------------------------------------
teo        31094    15.4     1.1      213244   /usr/lib/kathara/kathara
teo        31093    14.7     1.1      213236   /usr/lib/kathara/kathara
teo        31095    14.5     1.1      213240   /usr/lib/kathara/kathara
teo        31066    1.0      0.0      27952    /usr/bin/xterm
teo        31065    0.4      0.0      27952    /usr/bin/xterm
teo        31069    0.4      0.0      27952    /usr/bin/xterm
root       1897     0.3      0.6      3320452  /usr/bin/dockerd
root       30629    0.3      0.0      18608    /bin/bash
root       1997     0.0      0.0      716948   ./katharanp
root       30627    0.0      0.0      28308    sudo
root       30628    0.0      0.0      28308    sudo
root       30721    0.0      0.0      1668     vde_switch
root       30724    0.0      0.0      1668     vde_switch
--------------------------------------------------------------------

====================================================================
2025-02-06 20:43:44 - CPU and Memory Usage for Kathara-Related Processes
====================================================================
USER       PID      %CPU     %MEM     VSZ(KB)  COMMAND
--------------------------------------------------------------------
teo        31094    13.7     1.1      213244   /usr/lib/kathara/kathara
teo        31093    13.1     1.1      213236   /usr/lib/kathara/kathara
teo        31095    12.9     1.1      213240   /usr/lib/kathara/kathara
teo        31066    0.9      0.0      27952    /usr/bin/xterm
root       30629    0.4      0.0      18608    /bin/bash
teo        31065    0.4      0.0      27952    /usr/bin/xterm
teo        31069    0.4      0.0      27952    /usr/bin/xterm
root       1897     0.3      0.6      3320452  /usr/bin/dockerd
root       1997     0.0      0.0      716948   ./katharanp
root       30627    0.0      0.0      28308    sudo
root       30628    0.0      0.0      28308    sudo
root       30721    0.0      0.0      1668     vde_switch
root       30724    0.0      0.0      1668     vde_switch
--------------------------------------------------------------------

====================================================================
2025-02-06 20:43:45 - CPU and Memory Usage for Kathara-Related Processes
====================================================================
USER       PID      %CPU     %MEM     VSZ(KB)  COMMAND
--------------------------------------------------------------------
teo        31094    12.3     1.1      213244   /usr/lib/kathara/kathara
teo        31093    11.7     1.1      213236   /usr/lib/kathara/kathara
teo        31095    11.6     1.1      213240   /usr/lib/kathara/kathara
teo        31066    0.8      0.0      27952    /usr/bin/xterm
root       1897     0.3      0.6      3320452  /usr/bin/dockerd
root       30629    0.3      0.0      18608    /bin/bash
teo        31065    0.3      0.0      27952    /usr/bin/xterm
teo        31069    0.3      0.0      27952    /usr/bin/xterm
root       1997     0.0      0.0      716948   ./katharanp
root       30627    0.0      0.0      28308    sudo
root       30628    0.0      0.0      28308    sudo
root       30721    0.0      0.0      1668     vde_switch
root       30724    0.0      0.0      1668     vde_switch
--------------------------------------------------------------------

====================================================================
2025-02-06 20:43:46 - CPU and Memory Usage for Kathara-Related Processes
====================================================================
USER       PID      %CPU     %MEM     VSZ(KB)  COMMAND
--------------------------------------------------------------------
teo        31094    11.2     1.1      213244   /usr/lib/kathara/kathara
teo        31093    10.7     1.1      213236   /usr/lib/kathara/kathara
teo        31095    10.5     1.1      213240   /usr/lib/kathara/kathara
teo        31066    0.8      0.0      27952    /usr/bin/xterm
root       1897     0.3      0.6      3320452  /usr/bin/dockerd
root       30629    0.3      0.0      18608    /bin/bash
teo        31065    0.3      0.0      27952    /usr/bin/xterm
teo        31069    0.3      0.0      27952    /usr/bin/xterm
root       1997     0.0      0.0      716948   ./katharanp
root       30627    0.0      0.0      28308    sudo
root       30628    0.0      0.0      28308    sudo
root       30721    0.0      0.0      1668     vde_switch
root       30724    0.0      0.0      1668     vde_switch
--------------------------------------------------------------------

====================================================================
2025-02-06 20:43:47 - CPU and Memory Usage for Kathara-Related Processes
====================================================================
USER       PID      %CPU     %MEM     VSZ(KB)  COMMAND
--------------------------------------------------------------------
teo        31094    10.2     1.1      213244   /usr/lib/kathara/kathara
teo        31093    9.8      1.1      213236   /usr/lib/kathara/kathara
teo        31095    9.6      1.1      213240   /usr/lib/kathara/kathara
teo        31066    0.7      0.0      27952    /usr/bin/xterm
root       30629    0.4      0.0      18608    /bin/bash
root       1897     0.3      0.6      3320452  /usr/bin/dockerd
teo        31065    0.3      0.0      27952    /usr/bin/xterm
teo        31069    0.3      0.0      27952    /usr/bin/xterm
root       1997     0.0      0.0      716948   ./katharanp
root       30627    0.0      0.0      28308    sudo
root       30628    0.0      0.0      28308    sudo
root       30721    0.0      0.0      1668     vde_switch
root       30724    0.0      0.0      1668     vde_switch
--------------------------------------------------------------------

====================================================================
2025-02-06 20:43:48 - CPU and Memory Usage for Kathara-Related Processes
====================================================================
USER       PID      %CPU     %MEM     VSZ(KB)  COMMAND
--------------------------------------------------------------------
teo        31094    9.4      1.1      213244   /usr/lib/kathara/kathara
teo        31093    9.0      1.1      213236   /usr/lib/kathara/kathara
teo        31095    8.9      1.1      213240   /usr/lib/kathara/kathara
root       30721    2.7      0.0      1668     vde_switch
root       30724    2.7      0.0      1668     vde_switch
teo        31066    0.7      0.0      27952    /usr/bin/xterm
root       1897     0.3      0.6      3320452  /usr/bin/dockerd
root       30629    0.3      0.0      18608    /bin/bash
teo        31065    0.2      0.0      27952    /usr/bin/xterm
teo        31069    0.2      0.0      27952    /usr/bin/xterm
root       1997     0.0      0.0      716948   ./katharanp
root       30627    0.0      0.0      28308    sudo
root       30628    0.0      0.0      28308    sudo
--------------------------------------------------------------------

====================================================================
2025-02-06 20:43:49 - CPU and Memory Usage for Kathara-Related Processes
====================================================================
USER       PID      %CPU     %MEM     VSZ(KB)  COMMAND
--------------------------------------------------------------------
teo        31094    8.8      1.1      213244   /usr/lib/kathara/kathara
teo        31093    8.4      1.1      213236   /usr/lib/kathara/kathara
teo        31095    8.2      1.1      213240   /usr/lib/kathara/kathara
root       30721    8.2      0.0      1668     vde_switch
root       30724    8.2      0.0      1668     vde_switch
teo        31066    0.6      0.0      27952    /usr/bin/xterm
root       1897     0.3      0.6      3320452  /usr/bin/dockerd
root       30629    0.3      0.0      18608    /bin/bash
teo        31065    0.2      0.0      27952    /usr/bin/xterm
teo        31069    0.2      0.0      27952    /usr/bin/xterm
root       1997     0.0      0.0      716948   ./katharanp
root       30627    0.0      0.0      28308    sudo
root       30628    0.0      0.0      28308    sudo
--------------------------------------------------------------------

====================================================================
2025-02-06 20:43:50 - CPU and Memory Usage for Kathara-Related Processes
====================================================================
USER       PID      %CPU     %MEM     VSZ(KB)  COMMAND
--------------------------------------------------------------------
root       30721    13.1     0.0      1668     vde_switch
root       30724    13.0     0.0      1668     vde_switch
teo        31094    8.2      1.1      213244   /usr/lib/kathara/kathara
teo        31093    7.8      1.1      213236   /usr/lib/kathara/kathara
teo        31095    7.7      1.1      213240   /usr/lib/kathara/kathara
teo        31066    0.6      0.0      27952    /usr/bin/xterm
root       1897     0.3      0.6      3320452  /usr/bin/dockerd
root       30629    0.3      0.0      18608    /bin/bash
teo        31065    0.2      0.0      27952    /usr/bin/xterm
teo        31069    0.2      0.0      27952    /usr/bin/xterm
root       1997     0.1      0.0      716948   ./katharanp
root       30627    0.0      0.0      28308    sudo
root       30628    0.0      0.0      28308    sudo
--------------------------------------------------------------------

====================================================================
2025-02-06 20:43:51 - CPU and Memory Usage for Kathara-Related Processes
====================================================================
USER       PID      %CPU     %MEM     VSZ(KB)  COMMAND
--------------------------------------------------------------------
root       30721    17.4     0.0      1668     vde_switch
root       30724    17.4     0.0      1668     vde_switch
teo        31094    7.7      1.1      213244   /usr/lib/kathara/kathara
teo        31093    7.3      1.1      213236   /usr/lib/kathara/kathara
teo        31095    7.2      1.1      213240   /usr/lib/kathara/kathara
teo        31066    0.5      0.0      27952    /usr/bin/xterm
root       1897     0.3      0.6      3320452  /usr/bin/dockerd
root       30629    0.3      0.0      18608    /bin/bash
teo        31065    0.2      0.0      27952    /usr/bin/xterm
teo        31069    0.2      0.0      27952    /usr/bin/xterm
root       1997     0.1      0.0      716948   ./katharanp
root       30627    0.0      0.0      28308    sudo
root       30628    0.0      0.0      28308    sudo
--------------------------------------------------------------------

====================================================================
2025-02-06 20:43:52 - CPU and Memory Usage for Kathara-Related Processes
====================================================================
USER       PID      %CPU     %MEM     VSZ(KB)  COMMAND
--------------------------------------------------------------------
root       30721    21.5     0.0      1668     vde_switch
root       30724    21.3     0.0      1668     vde_switch
teo        31094    7.2      1.1      213244   /usr/lib/kathara/kathara
teo        31093    6.9      1.1      213236   /usr/lib/kathara/kathara
teo        31095    6.8      1.1      213240   /usr/lib/kathara/kathara
teo        31066    0.5      0.0      27952    /usr/bin/xterm
root       1897     0.3      0.6      3320452  /usr/bin/dockerd
root       30629    0.3      0.0      18608    /bin/bash
root       1997     0.2      0.0      716948   ./katharanp
teo        31065    0.2      0.0      27952    /usr/bin/xterm
teo        31069    0.2      0.0      27952    /usr/bin/xterm
root       30627    0.0      0.0      28308    sudo
root       30628    0.0      0.0      28308    sudo
--------------------------------------------------------------------

====================================================================
2025-02-06 20:43:53 - CPU and Memory Usage for Kathara-Related Processes
====================================================================
USER       PID      %CPU     %MEM     VSZ(KB)  COMMAND
--------------------------------------------------------------------
root       30721    25.1     0.0      1668     vde_switch
root       30724    25.0     0.0      1668     vde_switch
teo        31094    6.8      1.1      213244   /usr/lib/kathara/kathara
teo        31093    6.5      1.1      213236   /usr/lib/kathara/kathara
teo        31095    6.4      1.1      213240   /usr/lib/kathara/kathara
teo        31066    0.5      0.0      27952    /usr/bin/xterm
root       1897     0.3      0.6      3320452  /usr/bin/dockerd
root       30629    0.3      0.0      18608    /bin/bash
root       1997     0.2      0.0      716948   ./katharanp
teo        31065    0.2      0.0      27952    /usr/bin/xterm
teo        31069    0.2      0.0      27952    /usr/bin/xterm
root       30627    0.0      0.0      28308    sudo
root       30628    0.0      0.0      28308    sudo
--------------------------------------------------------------------

====================================================================
2025-02-06 20:43:54 - CPU and Memory Usage for Kathara-Related Processes
====================================================================
USER       PID      %CPU     %MEM     VSZ(KB)  COMMAND
--------------------------------------------------------------------
root       30721    28.5     0.0      1668     vde_switch
root       30724    28.3     0.0      1668     vde_switch
teo        31094    6.4      1.1      213244   /usr/lib/kathara/kathara
teo        31093    6.1      1.1      213236   /usr/lib/kathara/kathara
teo        31095    6.1      1.1      213240   /usr/lib/kathara/kathara
teo        31066    0.5      0.0      27952    /usr/bin/xterm
root       1897     0.3      0.6      3320452  /usr/bin/dockerd
root       30629    0.3      0.0      18608    /bin/bash
root       1997     0.2      0.0      716948   ./katharanp
teo        31065    0.1      0.0      27952    /usr/bin/xterm
teo        31069    0.1      0.0      27952    /usr/bin/xterm
root       30627    0.0      0.0      28308    sudo
root       30628    0.0      0.0      28308    sudo
--------------------------------------------------------------------

====================================================================
2025-02-06 20:43:55 - CPU and Memory Usage for Kathara-Related Processes
====================================================================
USER       PID      %CPU     %MEM     VSZ(KB)  COMMAND
--------------------------------------------------------------------
root       30721    31.5     0.0      1668     vde_switch
root       30724    31.4     0.0      1668     vde_switch
teo        31094    6.1      1.1      213244   /usr/lib/kathara/kathara
teo        31093    5.8      1.1      213236   /usr/lib/kathara/kathara
teo        31095    5.7      1.1      213240   /usr/lib/kathara/kathara
teo        31066    0.5      0.0      27952    /usr/bin/xterm
root       1897     0.3      0.6      3320452  /usr/bin/dockerd
root       1997     0.3      0.0      716948   ./katharanp
root       30629    0.3      0.0      18608    /bin/bash
teo        31065    0.1      0.0      27952    /usr/bin/xterm
teo        31069    0.1      0.0      27952    /usr/bin/xterm
root       30627    0.0      0.0      28308    sudo
root       30628    0.0      0.0      28308    sudo
--------------------------------------------------------------------

====================================================================
2025-02-06 20:43:56 - CPU and Memory Usage for Kathara-Related Processes
====================================================================
USER       PID      %CPU     %MEM     VSZ(KB)  COMMAND
--------------------------------------------------------------------
root       30721    34.3     0.0      1668     vde_switch
root       30724    34.1     0.0      1668     vde_switch
teo        31094    5.8      1.1      213244   /usr/lib/kathara/kathara
teo        31093    5.6      1.1      213236   /usr/lib/kathara/kathara
teo        31095    5.5      1.1      213240   /usr/lib/kathara/kathara
teo        31066    0.4      0.0      27952    /usr/bin/xterm
root       1897     0.3      0.6      3320452  /usr/bin/dockerd
root       1997     0.3      0.0      716948   ./katharanp
root       30629    0.3      0.0      18608    /bin/bash
teo        31065    0.1      0.0      27952    /usr/bin/xterm
teo        31069    0.1      0.0      27952    /usr/bin/xterm
root       30627    0.0      0.0      28308    sudo
root       30628    0.0      0.0      28308    sudo
--------------------------------------------------------------------

====================================================================
2025-02-06 20:43:57 - CPU and Memory Usage for Kathara-Related Processes
====================================================================
USER       PID      %CPU     %MEM     VSZ(KB)  COMMAND
--------------------------------------------------------------------
root       30721    36.7     0.0      1668     vde_switch
root       30724    36.6     0.0      1668     vde_switch
teo        31094    5.6      1.1      213244   /usr/lib/kathara/kathara
teo        31093    5.3      1.1      213236   /usr/lib/kathara/kathara
teo        31095    5.2      1.1      213240   /usr/lib/kathara/kathara
teo        31066    0.4      0.0      27952    /usr/bin/xterm
root       1897     0.3      0.6      3320452  /usr/bin/dockerd
root       1997     0.3      0.0      716948   ./katharanp
root       30629    0.3      0.0      18608    /bin/bash
teo        31065    0.1      0.0      27952    /usr/bin/xterm
teo        31069    0.1      0.0      27952    /usr/bin/xterm
root       30627    0.0      0.0      28308    sudo
root       30628    0.0      0.0      28308    sudo
--------------------------------------------------------------------

====================================================================
2025-02-06 20:43:58 - CPU and Memory Usage for Kathara-Related Processes
====================================================================
USER       PID      %CPU     %MEM     VSZ(KB)  COMMAND
--------------------------------------------------------------------
root       30721    39.0     0.0      1668     vde_switch
root       30724    38.9     0.0      1668     vde_switch
teo        31094    5.3      1.1      213244   /usr/lib/kathara/kathara
teo        31093    5.1      1.1      213236   /usr/lib/kathara/kathara
teo        31095    5.0      1.1      213240   /usr/lib/kathara/kathara
root       1997     0.4      0.0      716948   ./katharanp
teo        31066    0.4      0.0      27952    /usr/bin/xterm
root       1897     0.3      0.6      3320452  /usr/bin/dockerd
root       30629    0.3      0.0      18608    /bin/bash
teo        31065    0.1      0.0      27952    /usr/bin/xterm
teo        31069    0.1      0.0      27952    /usr/bin/xterm
root       30627    0.0      0.0      28308    sudo
root       30628    0.0      0.0      28308    sudo
--------------------------------------------------------------------

====================================================================
2025-02-06 20:44:00 - CPU and Memory Usage for Kathara-Related Processes
====================================================================
USER       PID      %CPU     %MEM     VSZ(KB)  COMMAND
--------------------------------------------------------------------
root       30721    41.1     0.0      1668     vde_switch
root       30724    41.0     0.0      1668     vde_switch
teo        31094    5.1      1.1      213244   /usr/lib/kathara/kathara
teo        31093    4.9      1.1      213236   /usr/lib/kathara/kathara
teo        31095    4.8      1.1      213240   /usr/lib/kathara/kathara
root       1997     0.4      0.0      716948   ./katharanp
teo        31066    0.4      0.0      27952    /usr/bin/xterm
root       1897     0.3      0.6      3320452  /usr/bin/dockerd
root       30629    0.3      0.0      18608    /bin/bash
teo        31065    0.1      0.0      27952    /usr/bin/xterm
teo        31069    0.1      0.0      27952    /usr/bin/xterm
root       30627    0.0      0.0      28308    sudo
root       30628    0.0      0.0      28308    sudo
--------------------------------------------------------------------

====================================================================
2025-02-06 20:44:01 - CPU and Memory Usage for Kathara-Related Processes
====================================================================
USER       PID      %CPU     %MEM     VSZ(KB)  COMMAND
--------------------------------------------------------------------
root       30721    43.0     0.0      1668     vde_switch
root       30724    43.0     0.0      1668     vde_switch
teo        31094    4.9      1.1      213244   /usr/lib/kathara/kathara
teo        31093    4.7      1.1      213236   /usr/lib/kathara/kathara
teo        31095    4.6      1.1      213240   /usr/lib/kathara/kathara
root       1997     0.4      0.0      716948   ./katharanp
teo        31066    0.4      0.0      27952    /usr/bin/xterm
root       1897     0.3      0.6      3320452  /usr/bin/dockerd
root       30629    0.3      0.0      18608    /bin/bash
teo        31065    0.1      0.0      27952    /usr/bin/xterm
teo        31069    0.1      0.0      27952    /usr/bin/xterm
root       30627    0.0      0.0      28308    sudo
root       30628    0.0      0.0      28308    sudo
--------------------------------------------------------------------

====================================================================
2025-02-06 20:44:02 - CPU and Memory Usage for Kathara-Related Processes
====================================================================
USER       PID      %CPU     %MEM     VSZ(KB)  COMMAND
--------------------------------------------------------------------
root       30721    44.9     0.0      1668     vde_switch
root       30724    44.9     0.0      1668     vde_switch
teo        31094    4.7      1.1      213244   /usr/lib/kathara/kathara
teo        31093    4.5      1.1      213236   /usr/lib/kathara/kathara
teo        31095    4.4      1.1      213240   /usr/lib/kathara/kathara
root       1997     0.4      0.0      716948   ./katharanp
root       1897     0.3      0.6      3320452  /usr/bin/dockerd
root       30629    0.3      0.0      18608    /bin/bash
teo        31066    0.3      0.0      27952    /usr/bin/xterm
teo        31065    0.1      0.0      27952    /usr/bin/xterm
teo        31069    0.1      0.0      27952    /usr/bin/xterm
root       30627    0.0      0.0      28308    sudo
root       30628    0.0      0.0      28308    sudo
--------------------------------------------------------------------

====================================================================
2025-02-06 20:44:03 - CPU and Memory Usage for Kathara-Related Processes
====================================================================
USER       PID      %CPU     %MEM     VSZ(KB)  COMMAND
--------------------------------------------------------------------
root       30721    46.6     0.0      1668     vde_switch
root       30724    46.6     0.0      1668     vde_switch
teo        31094    4.5      1.1      213244   /usr/lib/kathara/kathara
teo        31093    4.4      1.1      213236   /usr/lib/kathara/kathara
teo        31095    4.3      1.1      213240   /usr/lib/kathara/kathara
root       1997     0.5      0.0      716948   ./katharanp
root       1897     0.3      0.6      3320452  /usr/bin/dockerd
root       30629    0.3      0.0      18608    /bin/bash
teo        31066    0.3      0.0      27952    /usr/bin/xterm
teo        31065    0.1      0.0      27952    /usr/bin/xterm
teo        31069    0.1      0.0      27952    /usr/bin/xterm
root       30627    0.0      0.0      28308    sudo
root       30628    0.0      0.0      28308    sudo
--------------------------------------------------------------------

====================================================================
2025-02-06 20:44:04 - CPU and Memory Usage for Kathara-Related Processes
====================================================================
USER       PID      %CPU     %MEM     VSZ(KB)  COMMAND
--------------------------------------------------------------------
root       30721    48.3     0.0      1668     vde_switch
root       30724    48.2     0.0      1668     vde_switch
teo        31094    4.4      1.1      213244   /usr/lib/kathara/kathara
teo        31093    4.2      1.1      213236   /usr/lib/kathara/kathara
teo        31095    4.1      1.1      213240   /usr/lib/kathara/kathara
root       1997     0.5      0.0      716948   ./katharanp
root       1897     0.3      0.6      3320452  /usr/bin/dockerd
root       30629    0.3      0.0      18608    /bin/bash
teo        31066    0.3      0.0      27952    /usr/bin/xterm
teo        31065    0.1      0.0      27952    /usr/bin/xterm
teo        31069    0.1      0.0      27952    /usr/bin/xterm
root       30627    0.0      0.0      28308    sudo
root       30628    0.0      0.0      28308    sudo
--------------------------------------------------------------------

====================================================================
2025-02-06 20:44:05 - CPU and Memory Usage for Kathara-Related Processes
====================================================================
USER       PID      %CPU     %MEM     VSZ(KB)  COMMAND
--------------------------------------------------------------------
root       30721    49.8     0.0      1668     vde_switch
root       30724    49.7     0.0      1668     vde_switch
teo        31094    4.2      1.1      213244   /usr/lib/kathara/kathara
teo        31093    4.1      1.1      213236   /usr/lib/kathara/kathara
teo        31095    4.0      1.1      213240   /usr/lib/kathara/kathara
root       1997     0.5      0.0      716948   ./katharanp
root       1897     0.3      0.6      3320452  /usr/bin/dockerd
root       30629    0.3      0.0      18608    /bin/bash
teo        31066    0.3      0.0      27952    /usr/bin/xterm
teo        31065    0.1      0.0      27952    /usr/bin/xterm
teo        31069    0.1      0.0      27952    /usr/bin/xterm
root       30627    0.0      0.0      28308    sudo
root       30628    0.0      0.0      28308    sudo
--------------------------------------------------------------------

====================================================================
2025-02-06 20:44:06 - CPU and Memory Usage for Kathara-Related Processes
====================================================================
USER       PID      %CPU     %MEM     VSZ(KB)  COMMAND
--------------------------------------------------------------------
root       30721    51.3     0.0      1668     vde_switch
root       30724    51.0     0.0      1668     vde_switch
teo        31094    4.1      1.1      213244   /usr/lib/kathara/kathara
teo        31093    3.9      1.1      213236   /usr/lib/kathara/kathara
teo        31095    3.8      1.1      213240   /usr/lib/kathara/kathara
root       1997     0.5      0.0      716948   ./katharanp
root       1897     0.3      0.6      3320452  /usr/bin/dockerd
root       30629    0.3      0.0      18608    /bin/bash
teo        31066    0.3      0.0      27952    /usr/bin/xterm
teo        31065    0.1      0.0      27952    /usr/bin/xterm
teo        31069    0.1      0.0      27952    /usr/bin/xterm
root       30627    0.0      0.0      28308    sudo
root       30628    0.0      0.0      28308    sudo
--------------------------------------------------------------------

====================================================================
2025-02-06 20:44:07 - CPU and Memory Usage for Kathara-Related Processes
====================================================================
USER       PID      %CPU     %MEM     VSZ(KB)  COMMAND
--------------------------------------------------------------------
root       30721    52.7     0.0      1668     vde_switch
root       30724    52.4     0.0      1668     vde_switch
teo        31094    4.0      1.1      213244   /usr/lib/kathara/kathara
teo        31093    3.8      1.1      213236   /usr/lib/kathara/kathara
teo        31095    3.7      1.1      213240   /usr/lib/kathara/kathara
root       1997     0.6      0.0      716948   ./katharanp
root       1897     0.3      0.6      3320452  /usr/bin/dockerd
root       30629    0.3      0.0      18608    /bin/bash
teo        31066    0.3      0.0      27952    /usr/bin/xterm
teo        31065    0.1      0.0      27952    /usr/bin/xterm
teo        31069    0.1      0.0      27952    /usr/bin/xterm
root       30627    0.0      0.0      28308    sudo
root       30628    0.0      0.0      28308    sudo
--------------------------------------------------------------------

====================================================================
2025-02-06 20:44:08 - CPU and Memory Usage for Kathara-Related Processes
====================================================================
USER       PID      %CPU     %MEM     VSZ(KB)  COMMAND
--------------------------------------------------------------------
root       30721    53.9     0.0      1668     vde_switch
root       30724    53.7     0.0      1668     vde_switch
teo        31094    3.8      1.1      213244   /usr/lib/kathara/kathara
teo        31093    3.7      1.1      213236   /usr/lib/kathara/kathara
teo        31095    3.6      1.1      213240   /usr/lib/kathara/kathara
root       1997     0.6      0.0      716948   ./katharanp
root       1897     0.3      0.6      3320452  /usr/bin/dockerd
root       30629    0.3      0.0      18608    /bin/bash
teo        31066    0.3      0.0      27952    /usr/bin/xterm
teo        31065    0.1      0.0      27952    /usr/bin/xterm
teo        31069    0.1      0.0      27952    /usr/bin/xterm
root       30627    0.0      0.0      28308    sudo
root       30628    0.0      0.0      28308    sudo
--------------------------------------------------------------------

====================================================================
2025-02-06 20:44:09 - CPU and Memory Usage for Kathara-Related Processes
====================================================================
USER       PID      %CPU     %MEM     VSZ(KB)  COMMAND
--------------------------------------------------------------------
root       30721    55.2     0.0      1668     vde_switch
root       30724    55.0     0.0      1668     vde_switch
teo        31094    3.7      1.1      213244   /usr/lib/kathara/kathara
teo        31093    3.6      1.1      213236   /usr/lib/kathara/kathara
teo        31095    3.5      1.1      213240   /usr/lib/kathara/kathara
root       1997     0.6      0.0      716948   ./katharanp
root       1897     0.3      0.6      3320452  /usr/bin/dockerd
root       30629    0.3      0.0      18608    /bin/bash
teo        31066    0.3      0.0      27952    /usr/bin/xterm
teo        31065    0.1      0.0      27952    /usr/bin/xterm
teo        31069    0.1      0.0      27952    /usr/bin/xterm
root       30627    0.0      0.0      28308    sudo
root       30628    0.0      0.0      28308    sudo
--------------------------------------------------------------------

====================================================================
2025-02-06 20:44:10 - CPU and Memory Usage for Kathara-Related Processes
====================================================================
USER       PID      %CPU     %MEM     VSZ(KB)  COMMAND
--------------------------------------------------------------------
root       30721    56.3     0.0      1668     vde_switch
root       30724    56.1     0.0      1668     vde_switch
teo        31094    3.6      1.1      213244   /usr/lib/kathara/kathara
teo        31093    3.5      1.1      213236   /usr/lib/kathara/kathara
teo        31095    3.4      1.1      213240   /usr/lib/kathara/kathara
root       1997     0.6      0.0      716948   ./katharanp
root       1897     0.3      0.6      3320452  /usr/bin/dockerd
root       30629    0.3      0.0      18608    /bin/bash
teo        31066    0.3      0.0      27952    /usr/bin/xterm
teo        31065    0.1      0.0      27952    /usr/bin/xterm
teo        31069    0.1      0.0      27952    /usr/bin/xterm
root       30627    0.0      0.0      28308    sudo
root       30628    0.0      0.0      28308    sudo
--------------------------------------------------------------------

====================================================================
2025-02-06 20:44:11 - CPU and Memory Usage for Kathara-Related Processes
====================================================================
USER       PID      %CPU     %MEM     VSZ(KB)  COMMAND
--------------------------------------------------------------------
root       30721    57.4     0.0      1668     vde_switch
root       30724    57.2     0.0      1668     vde_switch
teo        31094    3.5      1.1      213244   /usr/lib/kathara/kathara
teo        31093    3.4      1.1      213236   /usr/lib/kathara/kathara
teo        31095    3.3      1.1      213240   /usr/lib/kathara/kathara
root       1997     0.7      0.0      716948   ./katharanp
root       1897     0.3      0.6      3320452  /usr/bin/dockerd
root       30629    0.3      0.0      18608    /bin/bash
teo        31066    0.2      0.0      27952    /usr/bin/xterm
teo        31065    0.1      0.0      27952    /usr/bin/xterm
teo        31069    0.1      0.0      27952    /usr/bin/xterm
root       30627    0.0      0.0      28308    sudo
root       30628    0.0      0.0      28308    sudo
--------------------------------------------------------------------

====================================================================
2025-02-06 20:44:12 - CPU and Memory Usage for Kathara-Related Processes
====================================================================
USER       PID      %CPU     %MEM     VSZ(KB)  COMMAND
--------------------------------------------------------------------
root       30721    58.5     0.0      1668     vde_switch
root       30724    58.2     0.0      1668     vde_switch
teo        31094    3.4      1.1      213244   /usr/lib/kathara/kathara
teo        31093    3.3      1.1      213236   /usr/lib/kathara/kathara
teo        31095    3.2      1.1      213240   /usr/lib/kathara/kathara
root       1997     0.7      0.0      716948   ./katharanp
root       1897     0.3      0.6      3320452  /usr/bin/dockerd
root       30629    0.3      0.0      18608    /bin/bash
teo        31066    0.2      0.0      27952    /usr/bin/xterm
teo        31065    0.1      0.0      27952    /usr/bin/xterm
teo        31069    0.1      0.0      27952    /usr/bin/xterm
root       30627    0.0      0.0      28308    sudo
root       30628    0.0      0.0      28308    sudo
--------------------------------------------------------------------

====================================================================
2025-02-06 20:44:13 - CPU and Memory Usage for Kathara-Related Processes
====================================================================
USER       PID      %CPU     %MEM     VSZ(KB)  COMMAND
--------------------------------------------------------------------
root       30721    59.5     0.0      1668     vde_switch
root       30724    59.3     0.0      1668     vde_switch
teo        31094    3.3      1.1      213244   /usr/lib/kathara/kathara
teo        31093    3.2      1.1      213236   /usr/lib/kathara/kathara
teo        31095    3.1      1.1      213240   /usr/lib/kathara/kathara
root       1997     0.7      0.0      716948   ./katharanp
root       1897     0.3      0.6      3320452  /usr/bin/dockerd
root       30629    0.3      0.0      18608    /bin/bash
teo        31066    0.2      0.0      27952    /usr/bin/xterm
teo        31065    0.1      0.0      27952    /usr/bin/xterm
teo        31069    0.1      0.0      27952    /usr/bin/xterm
root       30627    0.0      0.0      28308    sudo
root       30628    0.0      0.0      28308    sudo
--------------------------------------------------------------------

====================================================================
2025-02-06 20:44:14 - CPU and Memory Usage for Kathara-Related Processes
====================================================================
USER       PID      %CPU     %MEM     VSZ(KB)  COMMAND
--------------------------------------------------------------------
root       30721    60.4     0.0      1668     vde_switch
root       30724    60.2     0.0      1668     vde_switch
teo        31094    3.2      1.1      213244   /usr/lib/kathara/kathara
teo        31093    3.1      1.1      213236   /usr/lib/kathara/kathara
teo        31095    3.0      1.1      213240   /usr/lib/kathara/kathara
root       1997     0.8      0.0      716948   ./katharanp
root       1897     0.3      0.6      3320452  /usr/bin/dockerd
root       30629    0.3      0.0      18608    /bin/bash
teo        31066    0.2      0.0      27952    /usr/bin/xterm
teo        31065    0.1      0.0      27952    /usr/bin/xterm
teo        31069    0.1      0.0      27952    /usr/bin/xterm
root       30627    0.0      0.0      28308    sudo
root       30628    0.0      0.0      28308    sudo
--------------------------------------------------------------------

====================================================================
2025-02-06 20:44:15 - CPU and Memory Usage for Kathara-Related Processes
====================================================================
USER       PID      %CPU     %MEM     VSZ(KB)  COMMAND
--------------------------------------------------------------------
root       30721    61.4     0.0      1668     vde_switch
root       30724    61.1     0.0      1668     vde_switch
teo        31094    3.2      1.1      213244   /usr/lib/kathara/kathara
teo        31093    3.0      1.1      213236   /usr/lib/kathara/kathara
teo        31095    3.0      1.1      213240   /usr/lib/kathara/kathara
root       1997     0.8      0.0      716948   ./katharanp
root       1897     0.3      0.6      3320452  /usr/bin/dockerd
root       30629    0.2      0.0      18608    /bin/bash
teo        31066    0.2      0.0      27952    /usr/bin/xterm
root       30627    0.0      0.0      28308    sudo
root       30628    0.0      0.0      28308    sudo
teo        31065    0.0      0.0      27952    /usr/bin/xterm
teo        31069    0.0      0.0      27952    /usr/bin/xterm
--------------------------------------------------------------------

====================================================================
2025-02-06 20:44:16 - CPU and Memory Usage for Kathara-Related Processes
====================================================================
USER       PID      %CPU     %MEM     VSZ(KB)  COMMAND
--------------------------------------------------------------------
root       30721    62.2     0.0      1668     vde_switch
root       30724    62.0     0.0      1668     vde_switch
teo        31094    3.1      1.1      213244   /usr/lib/kathara/kathara
teo        31093    3.0      1.1      213236   /usr/lib/kathara/kathara
teo        31095    2.9      1.1      213240   /usr/lib/kathara/kathara
root       1997     0.8      0.0      716948   ./katharanp
root       1897     0.3      0.6      3320452  /usr/bin/dockerd
root       30629    0.2      0.0      18608    /bin/bash
teo        31066    0.2      0.0      27952    /usr/bin/xterm
root       30627    0.0      0.0      28308    sudo
root       30628    0.0      0.0      28308    sudo
teo        31065    0.0      0.0      27952    /usr/bin/xterm
teo        31069    0.0      0.0      27952    /usr/bin/xterm
--------------------------------------------------------------------

====================================================================
2025-02-06 20:44:17 - CPU and Memory Usage for Kathara-Related Processes
====================================================================
USER       PID      %CPU     %MEM     VSZ(KB)  COMMAND
--------------------------------------------------------------------
root       30721    63.0     0.0      1668     vde_switch
root       30724    62.8     0.0      1668     vde_switch
teo        31094    3.0      1.1      213244   /usr/lib/kathara/kathara
teo        31093    2.9      1.1      213236   /usr/lib/kathara/kathara
teo        31095    2.8      1.1      213240   /usr/lib/kathara/kathara
root       1997     0.8      0.0      716948   ./katharanp
root       1897     0.3      0.6      3320452  /usr/bin/dockerd
root       30629    0.3      0.0      18608    /bin/bash
teo        31066    0.2      0.0      27952    /usr/bin/xterm
root       30627    0.0      0.0      28308    sudo
root       30628    0.0      0.0      28308    sudo
teo        31065    0.0      0.0      27952    /usr/bin/xterm
teo        31069    0.0      0.0      27952    /usr/bin/xterm
--------------------------------------------------------------------

====================================================================
2025-02-06 20:44:18 - CPU and Memory Usage for Kathara-Related Processes
====================================================================
USER       PID      %CPU     %MEM     VSZ(KB)  COMMAND
--------------------------------------------------------------------
root       30721    62.8     0.0      1668     vde_switch
root       30724    62.6     0.0      1668     vde_switch
teo        31094    2.9      1.1      213244   /usr/lib/kathara/kathara
teo        31093    2.8      1.1      213236   /usr/lib/kathara/kathara
teo        31095    2.8      1.1      213240   /usr/lib/kathara/kathara
root       1997     0.9      0.0      716948   ./katharanp
root       1897     0.3      0.6      3320452  /usr/bin/dockerd
root       30629    0.2      0.0      18608    /bin/bash
teo        31066    0.2      0.0      27952    /usr/bin/xterm
root       30627    0.0      0.0      28308    sudo
root       30628    0.0      0.0      28308    sudo
teo        31065    0.0      0.0      27952    /usr/bin/xterm
teo        31069    0.0      0.0      27952    /usr/bin/xterm
--------------------------------------------------------------------

====================================================================
2025-02-06 20:44:19 - CPU and Memory Usage for Kathara-Related Processes
====================================================================
USER       PID      %CPU     %MEM     VSZ(KB)  COMMAND
--------------------------------------------------------------------
root       30721    61.5     0.0      1668     vde_switch
root       30724    61.2     0.0      1668     vde_switch
teo        31094    2.9      1.1      213244   /usr/lib/kathara/kathara
teo        31093    2.8      1.1      213236   /usr/lib/kathara/kathara
teo        31095    2.7      1.1      213240   /usr/lib/kathara/kathara
root       1997     0.9      0.0      716948   ./katharanp
root       1897     0.3      0.6      3320452  /usr/bin/dockerd
root       30629    0.2      0.0      18608    /bin/bash
teo        31066    0.2      0.0      27952    /usr/bin/xterm
root       30627    0.0      0.0      28308    sudo
root       30628    0.0      0.0      28308    sudo
teo        31065    0.0      0.0      27952    /usr/bin/xterm
teo        31069    0.0      0.0      27952    /usr/bin/xterm
--------------------------------------------------------------------

====================================================================
2025-02-06 20:44:20 - CPU and Memory Usage for Kathara-Related Processes
====================================================================
USER       PID      %CPU     %MEM     VSZ(KB)  COMMAND
--------------------------------------------------------------------
root       30721    60.2     0.0      1668     vde_switch
root       30724    59.9     0.0      1668     vde_switch
teo        31094    2.8      1.1      213244   /usr/lib/kathara/kathara
teo        31093    2.7      1.1      213236   /usr/lib/kathara/kathara
teo        31095    2.6      1.1      213240   /usr/lib/kathara/kathara
root       1997     0.9      0.0      716948   ./katharanp
root       1897     0.3      0.6      3320452  /usr/bin/dockerd
root       30629    0.2      0.0      18608    /bin/bash
teo        31066    0.2      0.0      27952    /usr/bin/xterm
root       30627    0.0      0.0      28308    sudo
root       30628    0.0      0.0      28308    sudo
teo        31065    0.0      0.0      27952    /usr/bin/xterm
teo        31069    0.0      0.0      27952    /usr/bin/xterm
--------------------------------------------------------------------

====================================================================
2025-02-06 20:44:21 - CPU and Memory Usage for Kathara-Related Processes
====================================================================
USER       PID      %CPU     %MEM     VSZ(KB)  COMMAND
--------------------------------------------------------------------
root       30721    58.9     0.0      1668     vde_switch
root       30724    58.7     0.0      1668     vde_switch
teo        31094    2.7      1.1      213244   /usr/lib/kathara/kathara
teo        31093    2.6      1.1      213236   /usr/lib/kathara/kathara
teo        31095    2.6      1.1      213240   /usr/lib/kathara/kathara
root       1997     0.9      0.0      716948   ./katharanp
root       1897     0.3      0.6      3320452  /usr/bin/dockerd
root       30629    0.2      0.0      18608    /bin/bash
teo        31066    0.2      0.0      27952    /usr/bin/xterm
root       30627    0.0      0.0      28308    sudo
root       30628    0.0      0.0      28308    sudo
teo        31065    0.0      0.0      27952    /usr/bin/xterm
teo        31069    0.0      0.0      27952    /usr/bin/xterm
--------------------------------------------------------------------

====================================================================
2025-02-06 20:44:22 - CPU and Memory Usage for Kathara-Related Processes
====================================================================
USER       PID      %CPU     %MEM     VSZ(KB)  COMMAND
--------------------------------------------------------------------
root       30721    57.7     0.0      1668     vde_switch
root       30724    57.5     0.0      1668     vde_switch
teo        31094    2.7      1.1      213244   /usr/lib/kathara/kathara
teo        31093    2.6      1.1      213236   /usr/lib/kathara/kathara
teo        31095    2.5      1.1      213240   /usr/lib/kathara/kathara
root       1997     0.9      0.0      716948   ./katharanp
root       1897     0.3      0.6      3320452  /usr/bin/dockerd
root       30629    0.2      0.0      18608    /bin/bash
teo        31066    0.2      0.0      27952    /usr/bin/xterm
root       30627    0.0      0.0      28308    sudo
root       30628    0.0      0.0      28308    sudo
teo        31065    0.0      0.0      27952    /usr/bin/xterm
teo        31069    0.0      0.0      27952    /usr/bin/xterm
--------------------------------------------------------------------

====================================================================
2025-02-06 20:44:23 - CPU and Memory Usage for Kathara-Related Processes
====================================================================
USER       PID      %CPU     %MEM     VSZ(KB)  COMMAND
--------------------------------------------------------------------
root       30721    56.6     0.0      1668     vde_switch
root       30724    56.3     0.0      1668     vde_switch
teo        31094    2.6      1.1      213244   /usr/lib/kathara/kathara
teo        31093    2.5      1.1      213236   /usr/lib/kathara/kathara
teo        31095    2.5      1.1      213240   /usr/lib/kathara/kathara
root       1997     0.8      0.0      716948   ./katharanp
root       1897     0.3      0.6      3320452  /usr/bin/dockerd
root       30629    0.2      0.0      18608    /bin/bash
teo        31066    0.2      0.0      27952    /usr/bin/xterm
root       30627    0.0      0.0      28308    sudo
root       30628    0.0      0.0      28308    sudo
teo        31065    0.0      0.0      27952    /usr/bin/xterm
teo        31069    0.0      0.0      27952    /usr/bin/xterm
--------------------------------------------------------------------

====================================================================
2025-02-06 20:44:24 - CPU and Memory Usage for Kathara-Related Processes
====================================================================
USER       PID      %CPU     %MEM     VSZ(KB)  COMMAND
--------------------------------------------------------------------
root       30721    55.4     0.0      1668     vde_switch
root       30724    55.2     0.0      1668     vde_switch
teo        31094    2.6      1.1      213244   /usr/lib/kathara/kathara
teo        31093    2.5      1.1      213236   /usr/lib/kathara/kathara
teo        31095    2.4      1.1      213240   /usr/lib/kathara/kathara
root       1997     0.8      0.0      716948   ./katharanp
root       1897     0.3      0.6      3320452  /usr/bin/dockerd
root       30629    0.3      0.0      18608    /bin/bash
teo        31066    0.2      0.0      27952    /usr/bin/xterm
root       30627    0.0      0.0      28308    sudo
root       30628    0.0      0.0      28308    sudo
teo        31065    0.0      0.0      27952    /usr/bin/xterm
teo        31069    0.0      0.0      27952    /usr/bin/xterm
--------------------------------------------------------------------

====================================================================
2025-02-06 20:44:25 - CPU and Memory Usage for Kathara-Related Processes
====================================================================
USER       PID      %CPU     %MEM     VSZ(KB)  COMMAND
--------------------------------------------------------------------
root       30721    54.4     0.0      1668     vde_switch
root       30724    54.1     0.0      1668     vde_switch
teo        31094    2.5      1.1      213244   /usr/lib/kathara/kathara
teo        31093    2.4      1.1      213236   /usr/lib/kathara/kathara
teo        31095    2.3      1.1      213240   /usr/lib/kathara/kathara
root       1997     0.8      0.0      716948   ./katharanp
root       1897     0.3      0.6      3320452  /usr/bin/dockerd
root       30629    0.2      0.0      18608    /bin/bash
teo        31066    0.2      0.0      27952    /usr/bin/xterm
root       30627    0.0      0.0      28308    sudo
root       30628    0.0      0.0      28308    sudo
teo        31065    0.0      0.0      27952    /usr/bin/xterm
teo        31069    0.0      0.0      27952    /usr/bin/xterm
--------------------------------------------------------------------

====================================================================
2025-02-06 20:44:27 - CPU and Memory Usage for Kathara-Related Processes
====================================================================
USER       PID      %CPU     %MEM     VSZ(KB)  COMMAND
--------------------------------------------------------------------
teo        31858    123      0.3      148348   kathara
root       30721    53.3     0.0      1668     vde_switch
root       30724    53.1     0.0      1668     vde_switch
teo        31093    2.4      1.1      213236   /usr/lib/kathara/kathara
teo        31094    2.4      1.1      213244   /usr/lib/kathara/kathara
teo        31095    2.3      1.1      213240   /usr/lib/kathara/kathara
root       1997     0.8      0.0      716948   ./katharanp
root       1897     0.3      0.6      3320452  /usr/bin/dockerd
root       30629    0.3      0.0      18608    /bin/bash
teo        31066    0.2      0.0      27952    /usr/bin/xterm
root       30627    0.0      0.0      28308    sudo
root       30628    0.0      0.0      28308    sudo
teo        31065    0.0      0.0      27952    /usr/bin/xterm
teo        31069    0.0      0.0      27952    /usr/bin/xterm
--------------------------------------------------------------------

====================================================================
2025-02-06 20:44:28 - CPU and Memory Usage for Kathara-Related Processes
====================================================================
USER       PID      %CPU     %MEM     VSZ(KB)  COMMAND
--------------------------------------------------------------------
teo        31858    87.0     1.1      211728   kathara
root       30721    52.3     0.0      1668     vde_switch
root       30724    52.1     0.0      1668     vde_switch
teo        31094    2.4      1.1      213244   /usr/lib/kathara/kathara
teo        31093    2.3      1.1      213236   /usr/lib/kathara/kathara
teo        31095    2.3      1.1      213240   /usr/lib/kathara/kathara
root       1997     0.8      0.0      716948   ./katharanp
root       1897     0.3      0.6      3320452  /usr/bin/dockerd
root       30629    0.3      0.0      18608    /bin/bash
teo        31066    0.2      0.0      27952    /usr/bin/xterm
root       30627    0.0      0.0      28308    sudo
root       30628    0.0      0.0      28308    sudo
teo        31065    0.0      0.0      27952    /usr/bin/xterm
teo        31069    0.0      0.0      27952    /usr/bin/xterm
--------------------------------------------------------------------

====================================================================
2025-02-06 20:44:29 - CPU and Memory Usage for Kathara-Related Processes
====================================================================
USER       PID      %CPU     %MEM     VSZ(KB)  COMMAND
--------------------------------------------------------------------
root       30721    51.4     0.0      1668     vde_switch
root       30724    51.2     0.0      1668     vde_switch
teo        31858    50.6     1.1      1613972  kathara
teo        31094    2.4      1.1      213244   /usr/lib/kathara/kathara
teo        31093    2.3      1.1      213236   /usr/lib/kathara/kathara
teo        31095    2.2      1.1      213240   /usr/lib/kathara/kathara
root       1997     0.8      0.0      716948   ./katharanp
root       1897     0.3      0.6      3320452  /usr/bin/dockerd
root       30629    0.2      0.0      18608    /bin/bash
teo        31066    0.2      0.0      27952    /usr/bin/xterm
root       30627    0.0      0.0      28308    sudo
root       30628    0.0      0.0      28308    sudo
teo        31065    0.0      0.0      27952    /usr/bin/xterm
teo        31069    0.0      0.0      27952    /usr/bin/xterm
--------------------------------------------------------------------

====================================================================
2025-02-06 20:44:30 - CPU and Memory Usage for Kathara-Related Processes
====================================================================
USER       PID      %CPU     %MEM     VSZ(KB)  COMMAND
--------------------------------------------------------------------
root       1997     0.8      0.0      717268   ./katharanp
root       1897     0.3      0.6      3320452  /usr/bin/dockerd
root       30629    0.3      0.0      18608    /bin/bash
root       30627    0.0      0.0      28308    sudo
root       30628    0.0      0.0      28308    sudo
--------------------------------------------------------------------

====================================================================
2025-02-06 20:44:31 - CPU and Memory Usage for Kathara-Related Processes
====================================================================
USER       PID      %CPU     %MEM     VSZ(KB)  COMMAND
--------------------------------------------------------------------
root       1997     0.8      0.0      717268   ./katharanp
root       1897     0.3      0.6      3320452  /usr/bin/dockerd
root       30629    0.3      0.0      18608    /bin/bash
root       30627    0.0      0.0      28308    sudo
root       30628    0.0      0.0      28308    sudo
--------------------------------------------------------------------

====================================================================
2025-02-06 20:44:32 - CPU and Memory Usage for Kathara-Related Processes
====================================================================
USER       PID      %CPU     %MEM     VSZ(KB)  COMMAND
--------------------------------------------------------------------
root       1997     0.8      0.0      717268   ./katharanp
root       1897     0.3      0.6      3320452  /usr/bin/dockerd
root       30629    0.3      0.0      18608    /bin/bash
root       30627    0.0      0.0      28308    sudo
root       30628    0.0      0.0      28308    sudo
--------------------------------------------------------------------

====================================================================
2025-02-06 20:44:33 - CPU and Memory Usage for Kathara-Related Processes
====================================================================
USER       PID      %CPU     %MEM     VSZ(KB)  COMMAND
--------------------------------------------------------------------
root       1997     0.8      0.0      717268   ./katharanp
root       1897     0.3      0.6      3320452  /usr/bin/dockerd
root       30629    0.3      0.0      18608    /bin/bash
root       30627    0.0      0.0      28308    sudo
root       30628    0.0      0.0      28308    sudo
--------------------------------------------------------------------

====================================================================
2025-02-06 20:44:34 - CPU and Memory Usage for Kathara-Related Processes
====================================================================
USER       PID      %CPU     %MEM     VSZ(KB)  COMMAND
--------------------------------------------------------------------
root       1997     0.8      0.0      717268   ./katharanp
root       1897     0.3      0.6      3320452  /usr/bin/dockerd
root       30629    0.3      0.0      18608    /bin/bash
root       30627    0.0      0.0      28308    sudo
root       30628    0.0      0.0      28308    sudo
--------------------------------------------------------------------

