====================================================================
2025-02-06 21:35:01 - CPU and Memory Usage for Kathara-Related Processes
====================================================================
USER       PID      %CPU     %MEM     VSZ(KB)  COMMAND
--------------------------------------------------------------------
root       1997     0.4      0.0      717396   ./katharanp
root       1897     0.1      0.6      3320452  /usr/bin/dockerd
root       38522    0.0      0.0      28316    sudo
root       38523    0.0      0.0      28316    sudo
root       38524    0.0      0.0      18608    /bin/bash
--------------------------------------------------------------------

====================================================================
2025-02-06 21:35:02 - CPU and Memory Usage for Kathara-Related Processes
====================================================================
USER       PID      %CPU     %MEM     VSZ(KB)  COMMAND
--------------------------------------------------------------------
root       1997     0.4      0.0      717396   ./katharanp
root       1897     0.1      0.6      3320452  /usr/bin/dockerd
root       38522    0.0      0.0      28316    sudo
root       38523    0.0      0.0      28316    sudo
root       38524    0.0      0.0      18608    /bin/bash
--------------------------------------------------------------------

====================================================================
2025-02-06 21:35:03 - CPU and Memory Usage for Kathara-Related Processes
====================================================================
USER       PID      %CPU     %MEM     VSZ(KB)  COMMAND
--------------------------------------------------------------------
root       1997     0.4      0.0      717396   ./katharanp
root       1897     0.1      0.6      3320452  /usr/bin/dockerd
root       38522    0.0      0.0      28316    sudo
root       38523    0.0      0.0      28316    sudo
root       38524    0.0      0.0      18608    /bin/bash
--------------------------------------------------------------------

====================================================================
2025-02-06 21:35:04 - CPU and Memory Usage for Kathara-Related Processes
====================================================================
USER       PID      %CPU     %MEM     VSZ(KB)  COMMAND
--------------------------------------------------------------------
root       1997     0.4      0.0      717396   ./katharanp
root       1897     0.1      0.6      3320452  /usr/bin/dockerd
root       38522    0.0      0.0      28316    sudo
root       38523    0.0      0.0      28316    sudo
root       38524    0.0      0.0      18608    /bin/bash
--------------------------------------------------------------------

====================================================================
2025-02-06 21:35:05 - CPU and Memory Usage for Kathara-Related Processes
====================================================================
USER       PID      %CPU     %MEM     VSZ(KB)  COMMAND
--------------------------------------------------------------------
root       1997     0.4      0.0      717396   ./katharanp
root       1897     0.1      0.6      3320452  /usr/bin/dockerd
root       38522    0.0      0.0      28316    sudo
root       38523    0.0      0.0      28316    sudo
root       38524    0.0      0.0      18608    /bin/bash
--------------------------------------------------------------------

====================================================================
2025-02-06 21:35:06 - CPU and Memory Usage for Kathara-Related Processes
====================================================================
USER       PID      %CPU     %MEM     VSZ(KB)  COMMAND
--------------------------------------------------------------------
root       1997     0.4      0.0      717396   ./katharanp
root       1897     0.1      0.6      3320452  /usr/bin/dockerd
root       38522    0.0      0.0      28316    sudo
root       38523    0.0      0.0      28316    sudo
root       38524    0.0      0.0      18608    /bin/bash
--------------------------------------------------------------------

====================================================================
2025-02-06 21:35:07 - CPU and Memory Usage for Kathara-Related Processes
====================================================================
USER       PID      %CPU     %MEM     VSZ(KB)  COMMAND
--------------------------------------------------------------------
teo        38585    109      0.4      166328   kathara
root       1997     0.4      0.0      717396   ./katharanp
root       1897     0.1      0.6      3320452  /usr/bin/dockerd
root       38524    0.1      0.0      18608    /bin/bash
root       38522    0.0      0.0      28316    sudo
root       38523    0.0      0.0      28316    sudo
--------------------------------------------------------------------

====================================================================
2025-02-06 21:35:08 - CPU and Memory Usage for Kathara-Related Processes
====================================================================
USER       PID      %CPU     %MEM     VSZ(KB)  COMMAND
--------------------------------------------------------------------
teo        38585    33.6     1.1      1556260  kathara
root       1997     0.4      0.0      717396   ./katharanp
root       1897     0.1      0.6      3320452  /usr/bin/dockerd
root       38524    0.1      0.0      18608    /bin/bash
root       38522    0.0      0.0      28316    sudo
root       38523    0.0      0.0      28316    sudo
root       38632    0.0      0.0      1668     vde_switch
root       38635    0.0      0.0      1668     vde_switch
--------------------------------------------------------------------

====================================================================
2025-02-06 21:35:09 - CPU and Memory Usage for Kathara-Related Processes
====================================================================
USER       PID      %CPU     %MEM     VSZ(KB)  COMMAND
--------------------------------------------------------------------
teo        38585    21.2     1.1      1687724  kathara
root       1997     0.4      0.0      717956   ./katharanp
root       1897     0.1      0.6      3279472  /usr/bin/dockerd
root       38524    0.1      0.0      18608    /bin/bash
root       38522    0.0      0.0      28316    sudo
root       38523    0.0      0.0      28316    sudo
root       38632    0.0      0.0      1668     vde_switch
root       38635    0.0      0.0      1668     vde_switch
root       38729    0.0      0.0      1827244  runc
--------------------------------------------------------------------

====================================================================
2025-02-06 21:35:10 - CPU and Memory Usage for Kathara-Related Processes
====================================================================
USER       PID      %CPU     %MEM     VSZ(KB)  COMMAND
--------------------------------------------------------------------
teo        39309    85.7     1.1      211728   /usr/lib/kathara/kathara
teo        39308    82.4     1.1      211728   /usr/lib/kathara/kathara
teo        39310    82.1     1.1      212752   /usr/lib/kathara/kathara
teo        39307    80.7     1.1      211732   /usr/lib/kathara/kathara
teo        39274    74.2     1.1      212752   /usr/lib/kathara/kathara
teo        39110    68.0     1.1      213236   /usr/lib/kathara/kathara
teo        39296    1.6      0.0      27952    /usr/bin/xterm
teo        39297    1.6      0.0      27952    /usr/bin/xterm
teo        39261    1.5      0.0      27948    /usr/bin/xterm
teo        39262    1.5      0.0      28716    /usr/bin/xterm
teo        39203    1.4      0.0      27952    /usr/bin/xterm
teo        39095    1.2      0.0      27948    /usr/bin/xterm
root       1997     0.4      0.0      718376   ./katharanp
root       1897     0.1      0.6      3762844  /usr/bin/dockerd
root       38524    0.1      0.0      18608    /bin/bash
root       38522    0.0      0.0      28316    sudo
root       38523    0.0      0.0      28316    sudo
root       38632    0.0      0.0      1668     vde_switch
root       38635    0.0      0.0      1668     vde_switch
--------------------------------------------------------------------

====================================================================
2025-02-06 21:35:11 - CPU and Memory Usage for Kathara-Related Processes
====================================================================
USER       PID      %CPU     %MEM     VSZ(KB)  COMMAND
--------------------------------------------------------------------
teo        39309    30.0     1.1      211728   /usr/lib/kathara/kathara
teo        39308    29.8     1.1      213240   /usr/lib/kathara/kathara
teo        39274    29.5     1.1      213240   /usr/lib/kathara/kathara
teo        39310    28.9     1.1      212752   /usr/lib/kathara/kathara
teo        39110    28.6     1.1      213236   /usr/lib/kathara/kathara
teo        39307    28.5     1.1      211732   /usr/lib/kathara/kathara
teo        39296    0.6      0.0      27952    /usr/bin/xterm
teo        39297    0.6      0.0      27952    /usr/bin/xterm
teo        39095    0.5      0.0      27948    /usr/bin/xterm
teo        39203    0.5      0.0      27952    /usr/bin/xterm
teo        39261    0.5      0.0      27948    /usr/bin/xterm
teo        39262    0.5      0.0      28716    /usr/bin/xterm
root       1997     0.4      0.0      718376   ./katharanp
root       1897     0.1      0.6      3762844  /usr/bin/dockerd
root       38522    0.0      0.0      28316    sudo
root       38523    0.0      0.0      28316    sudo
root       38524    0.0      0.0      18608    /bin/bash
root       38632    0.0      0.0      1668     vde_switch
root       38635    0.0      0.0      1668     vde_switch
--------------------------------------------------------------------

====================================================================
2025-02-06 21:35:12 - CPU and Memory Usage for Kathara-Related Processes
====================================================================
USER       PID      %CPU     %MEM     VSZ(KB)  COMMAND
--------------------------------------------------------------------
teo        39309    18.6     1.1      211728   /usr/lib/kathara/kathara
teo        39274    18.3     1.1      213240   /usr/lib/kathara/kathara
teo        39110    18.1     1.1      213236   /usr/lib/kathara/kathara
teo        39308    18.1     1.1      213240   /usr/lib/kathara/kathara
teo        39307    17.8     1.1      211732   /usr/lib/kathara/kathara
teo        39310    17.5     1.1      212752   /usr/lib/kathara/kathara
root       1997     0.4      0.0      718376   ./katharanp
teo        39095    0.3      0.0      27948    /usr/bin/xterm
teo        39203    0.3      0.0      27952    /usr/bin/xterm
teo        39261    0.3      0.0      27948    /usr/bin/xterm
teo        39262    0.3      0.0      28716    /usr/bin/xterm
teo        39296    0.3      0.0      27952    /usr/bin/xterm
teo        39297    0.3      0.0      27952    /usr/bin/xterm
root       1897     0.1      0.6      3762844  /usr/bin/dockerd
root       38522    0.0      0.0      28316    sudo
root       38523    0.0      0.0      28316    sudo
root       38524    0.0      0.0      18608    /bin/bash
root       38632    0.0      0.0      1668     vde_switch
root       38635    0.0      0.0      1668     vde_switch
--------------------------------------------------------------------

====================================================================
2025-02-06 21:35:13 - CPU and Memory Usage for Kathara-Related Processes
====================================================================
USER       PID      %CPU     %MEM     VSZ(KB)  COMMAND
--------------------------------------------------------------------
teo        39274    13.3     1.1      213240   /usr/lib/kathara/kathara
teo        39309    13.3     1.1      211728   /usr/lib/kathara/kathara
teo        39110    13.2     1.1      213236   /usr/lib/kathara/kathara
teo        39308    13.0     1.1      213240   /usr/lib/kathara/kathara
teo        39307    12.8     1.1      211732   /usr/lib/kathara/kathara
teo        39310    12.8     1.1      212752   /usr/lib/kathara/kathara
teo        39297    0.5      0.0      27952    /usr/bin/xterm
root       1997     0.4      0.0      718376   ./katharanp
teo        39095    0.2      0.0      27948    /usr/bin/xterm
teo        39203    0.2      0.0      27952    /usr/bin/xterm
teo        39261    0.2      0.0      27948    /usr/bin/xterm
teo        39262    0.2      0.0      28716    /usr/bin/xterm
teo        39296    0.2      0.0      27952    /usr/bin/xterm
root       1897     0.1      0.6      3762844  /usr/bin/dockerd
root       38524    0.1      0.0      18608    /bin/bash
root       38522    0.0      0.0      28316    sudo
root       38523    0.0      0.0      28316    sudo
root       38632    0.0      0.0      1668     vde_switch
root       38635    0.0      0.0      1668     vde_switch
--------------------------------------------------------------------

====================================================================
2025-02-06 21:35:14 - CPU and Memory Usage for Kathara-Related Processes
====================================================================
USER       PID      %CPU     %MEM     VSZ(KB)  COMMAND
--------------------------------------------------------------------
teo        39309    10.6     1.1      211728   /usr/lib/kathara/kathara
teo        39110    10.4     1.1      213236   /usr/lib/kathara/kathara
teo        39274    10.4     1.1      213240   /usr/lib/kathara/kathara
teo        39307    10.2     1.1      212756   /usr/lib/kathara/kathara
teo        39308    10.2     1.1      213240   /usr/lib/kathara/kathara
teo        39310    10.0     1.1      212752   /usr/lib/kathara/kathara
root       1997     0.4      0.0      718376   ./katharanp
teo        39297    0.4      0.0      27952    /usr/bin/xterm
teo        39095    0.2      0.0      27948    /usr/bin/xterm
teo        39203    0.2      0.0      27952    /usr/bin/xterm
teo        39261    0.2      0.0      27948    /usr/bin/xterm
teo        39262    0.2      0.0      28716    /usr/bin/xterm
teo        39296    0.2      0.0      27952    /usr/bin/xterm
root       1897     0.1      0.6      3762844  /usr/bin/dockerd
root       38524    0.1      0.0      18608    /bin/bash
root       38522    0.0      0.0      28316    sudo
root       38523    0.0      0.0      28316    sudo
root       38632    0.0      0.0      1668     vde_switch
root       38635    0.0      0.0      1668     vde_switch
--------------------------------------------------------------------

====================================================================
2025-02-06 21:35:15 - CPU and Memory Usage for Kathara-Related Processes
====================================================================
USER       PID      %CPU     %MEM     VSZ(KB)  COMMAND
--------------------------------------------------------------------
teo        39309    9.1      1.1      213244   /usr/lib/kathara/kathara
teo        39307    8.7      1.1      213248   /usr/lib/kathara/kathara
teo        39110    8.6      1.1      213236   /usr/lib/kathara/kathara
teo        39274    8.6      1.1      213240   /usr/lib/kathara/kathara
teo        39310    8.5      1.1      213244   /usr/lib/kathara/kathara
teo        39308    8.3      1.1      213240   /usr/lib/kathara/kathara
root       1997     0.4      0.0      718376   ./katharanp
teo        39297    0.3      0.0      27952    /usr/bin/xterm
root       1897     0.1      0.6      3762844  /usr/bin/dockerd
root       38524    0.1      0.0      18608    /bin/bash
teo        39095    0.1      0.0      27948    /usr/bin/xterm
teo        39203    0.1      0.0      27952    /usr/bin/xterm
teo        39261    0.1      0.0      27948    /usr/bin/xterm
teo        39262    0.1      0.0      28716    /usr/bin/xterm
teo        39296    0.1      0.0      27952    /usr/bin/xterm
root       38522    0.0      0.0      28316    sudo
root       38523    0.0      0.0      28316    sudo
root       38632    0.0      0.0      1668     vde_switch
root       38635    0.0      0.0      1668     vde_switch
--------------------------------------------------------------------

====================================================================
2025-02-06 21:35:17 - CPU and Memory Usage for Kathara-Related Processes
====================================================================
USER       PID      %CPU     %MEM     VSZ(KB)  COMMAND
--------------------------------------------------------------------
teo        39309    7.7      1.1      213244   /usr/lib/kathara/kathara
teo        39307    7.4      1.1      213248   /usr/lib/kathara/kathara
teo        39110    7.3      1.1      213236   /usr/lib/kathara/kathara
teo        39274    7.3      1.1      213240   /usr/lib/kathara/kathara
teo        39310    7.2      1.1      213244   /usr/lib/kathara/kathara
teo        39308    7.1      1.1      213240   /usr/lib/kathara/kathara
root       1997     0.4      0.0      718376   ./katharanp
teo        39297    0.2      0.0      27952    /usr/bin/xterm
root       1897     0.1      0.6      3762844  /usr/bin/dockerd
root       38524    0.1      0.0      18608    /bin/bash
teo        39095    0.1      0.0      27948    /usr/bin/xterm
teo        39203    0.1      0.0      27952    /usr/bin/xterm
teo        39261    0.1      0.0      27948    /usr/bin/xterm
teo        39262    0.1      0.0      28716    /usr/bin/xterm
teo        39296    0.1      0.0      27952    /usr/bin/xterm
root       38522    0.0      0.0      28316    sudo
root       38523    0.0      0.0      28316    sudo
root       38632    0.0      0.0      1668     vde_switch
root       38635    0.0      0.0      1668     vde_switch
--------------------------------------------------------------------

====================================================================
2025-02-06 21:35:18 - CPU and Memory Usage for Kathara-Related Processes
====================================================================
USER       PID      %CPU     %MEM     VSZ(KB)  COMMAND
--------------------------------------------------------------------
teo        39309    6.6      1.1      213244   /usr/lib/kathara/kathara
teo        39110    6.4      1.1      213236   /usr/lib/kathara/kathara
teo        39307    6.4      1.1      213248   /usr/lib/kathara/kathara
teo        39274    6.3      1.1      213240   /usr/lib/kathara/kathara
teo        39310    6.3      1.1      213244   /usr/lib/kathara/kathara
teo        39308    6.1      1.1      213240   /usr/lib/kathara/kathara
root       1997     0.4      0.0      718376   ./katharanp
teo        39297    0.2      0.0      27952    /usr/bin/xterm
root       1897     0.1      0.6      3762844  /usr/bin/dockerd
root       38524    0.1      0.0      18608    /bin/bash
teo        39095    0.1      0.0      27948    /usr/bin/xterm
teo        39203    0.1      0.0      27952    /usr/bin/xterm
teo        39261    0.1      0.0      27948    /usr/bin/xterm
teo        39262    0.1      0.0      28716    /usr/bin/xterm
teo        39296    0.1      0.0      27952    /usr/bin/xterm
root       38522    0.0      0.0      28316    sudo
root       38523    0.0      0.0      28316    sudo
root       38632    0.0      0.0      1668     vde_switch
root       38635    0.0      0.0      1668     vde_switch
--------------------------------------------------------------------

====================================================================
2025-02-06 21:35:19 - CPU and Memory Usage for Kathara-Related Processes
====================================================================
USER       PID      %CPU     %MEM     VSZ(KB)  COMMAND
--------------------------------------------------------------------
teo        39309    5.9      1.1      213244   /usr/lib/kathara/kathara
teo        39110    5.6      1.1      213236   /usr/lib/kathara/kathara
teo        39274    5.6      1.1      213240   /usr/lib/kathara/kathara
teo        39307    5.6      1.1      213248   /usr/lib/kathara/kathara
teo        39310    5.5      1.1      213244   /usr/lib/kathara/kathara
teo        39308    5.4      1.1      213240   /usr/lib/kathara/kathara
root       1997     0.4      0.0      718376   ./katharanp
teo        39203    0.2      0.0      27952    /usr/bin/xterm
teo        39297    0.2      0.0      27952    /usr/bin/xterm
root       1897     0.1      0.6      3762844  /usr/bin/dockerd
root       38524    0.1      0.0      18608    /bin/bash
teo        39095    0.1      0.0      27948    /usr/bin/xterm
teo        39261    0.1      0.0      27948    /usr/bin/xterm
teo        39262    0.1      0.0      28716    /usr/bin/xterm
teo        39296    0.1      0.0      27952    /usr/bin/xterm
root       38522    0.0      0.0      28316    sudo
root       38523    0.0      0.0      28316    sudo
root       38632    0.0      0.0      1668     vde_switch
root       38635    0.0      0.0      1668     vde_switch
--------------------------------------------------------------------

====================================================================
2025-02-06 21:35:20 - CPU and Memory Usage for Kathara-Related Processes
====================================================================
USER       PID      %CPU     %MEM     VSZ(KB)  COMMAND
--------------------------------------------------------------------
teo        39309    5.2      1.1      213244   /usr/lib/kathara/kathara
teo        39110    5.0      1.1      213236   /usr/lib/kathara/kathara
teo        39274    5.0      1.1      213240   /usr/lib/kathara/kathara
teo        39307    5.0      1.1      213248   /usr/lib/kathara/kathara
teo        39310    4.9      1.1      213244   /usr/lib/kathara/kathara
teo        39308    4.8      1.1      213240   /usr/lib/kathara/kathara
root       1997     0.4      0.0      718376   ./katharanp
teo        39203    0.2      0.0      27952    /usr/bin/xterm
teo        39297    0.2      0.0      27952    /usr/bin/xterm
root       1897     0.1      0.6      3762844  /usr/bin/dockerd
root       38524    0.1      0.0      18608    /bin/bash
teo        39261    0.1      0.0      27948    /usr/bin/xterm
teo        39262    0.1      0.0      28716    /usr/bin/xterm
teo        39296    0.1      0.0      27952    /usr/bin/xterm
root       38522    0.0      0.0      28316    sudo
root       38523    0.0      0.0      28316    sudo
root       38632    0.0      0.0      1668     vde_switch
root       38635    0.0      0.0      1668     vde_switch
teo        39095    0.0      0.0      27948    /usr/bin/xterm
--------------------------------------------------------------------

====================================================================
2025-02-06 21:35:21 - CPU and Memory Usage for Kathara-Related Processes
====================================================================
USER       PID      %CPU     %MEM     VSZ(KB)  COMMAND
--------------------------------------------------------------------
teo        39309    4.7      1.1      213244   /usr/lib/kathara/kathara
teo        39110    4.6      1.1      213236   /usr/lib/kathara/kathara
teo        39274    4.5      1.1      213240   /usr/lib/kathara/kathara
teo        39307    4.5      1.1      213248   /usr/lib/kathara/kathara
teo        39310    4.5      1.1      213244   /usr/lib/kathara/kathara
teo        39308    4.4      1.1      213240   /usr/lib/kathara/kathara
root       1997     0.4      0.0      718376   ./katharanp
root       1897     0.1      0.6      3762844  /usr/bin/dockerd
root       38524    0.1      0.0      18608    /bin/bash
teo        39203    0.1      0.0      27952    /usr/bin/xterm
teo        39297    0.1      0.0      27952    /usr/bin/xterm
root       38522    0.0      0.0      28316    sudo
root       38523    0.0      0.0      28316    sudo
root       38632    0.0      0.0      1668     vde_switch
root       38635    0.0      0.0      1668     vde_switch
teo        39095    0.0      0.0      27948    /usr/bin/xterm
teo        39261    0.0      0.0      27948    /usr/bin/xterm
teo        39262    0.0      0.0      28716    /usr/bin/xterm
teo        39296    0.0      0.0      27952    /usr/bin/xterm
--------------------------------------------------------------------

====================================================================
2025-02-06 21:35:22 - CPU and Memory Usage for Kathara-Related Processes
====================================================================
USER       PID      %CPU     %MEM     VSZ(KB)  COMMAND
--------------------------------------------------------------------
root       38635    6.0      0.0      1668     vde_switch
teo        39309    4.3      1.1      213244   /usr/lib/kathara/kathara
teo        39110    4.2      1.1      213236   /usr/lib/kathara/kathara
teo        39307    4.2      1.1      213248   /usr/lib/kathara/kathara
teo        39274    4.1      1.1      213240   /usr/lib/kathara/kathara
teo        39310    4.1      1.1      213244   /usr/lib/kathara/kathara
teo        39308    4.0      1.1      213240   /usr/lib/kathara/kathara
root       1997     0.4      0.0      718376   ./katharanp
root       1897     0.1      0.6      3762844  /usr/bin/dockerd
root       38524    0.1      0.0      18608    /bin/bash
teo        39203    0.1      0.0      27952    /usr/bin/xterm
teo        39297    0.1      0.0      27952    /usr/bin/xterm
root       38522    0.0      0.0      28316    sudo
root       38523    0.0      0.0      28316    sudo
root       38632    0.0      0.0      1668     vde_switch
teo        39095    0.0      0.0      27948    /usr/bin/xterm
teo        39261    0.0      0.0      27948    /usr/bin/xterm
teo        39262    0.0      0.0      28716    /usr/bin/xterm
teo        39296    0.0      0.0      27952    /usr/bin/xterm
--------------------------------------------------------------------

====================================================================
2025-02-06 21:35:23 - CPU and Memory Usage for Kathara-Related Processes
====================================================================
USER       PID      %CPU     %MEM     VSZ(KB)  COMMAND
--------------------------------------------------------------------
root       38635    12.4     0.0      1668     vde_switch
teo        39309    4.0      1.1      213244   /usr/lib/kathara/kathara
teo        39110    3.8      1.1      213236   /usr/lib/kathara/kathara
teo        39274    3.8      1.1      213240   /usr/lib/kathara/kathara
teo        39307    3.8      1.1      213248   /usr/lib/kathara/kathara
teo        39308    3.7      1.1      213240   /usr/lib/kathara/kathara
teo        39310    3.7      1.1      213244   /usr/lib/kathara/kathara
root       1997     0.4      0.0      718376   ./katharanp
root       1897     0.1      0.6      3762844  /usr/bin/dockerd
root       38524    0.1      0.0      18608    /bin/bash
teo        39203    0.1      0.0      27952    /usr/bin/xterm
teo        39297    0.1      0.0      27952    /usr/bin/xterm
root       38522    0.0      0.0      28316    sudo
root       38523    0.0      0.0      28316    sudo
root       38632    0.0      0.0      1668     vde_switch
teo        39095    0.0      0.0      27948    /usr/bin/xterm
teo        39261    0.0      0.0      27948    /usr/bin/xterm
teo        39262    0.0      0.0      28716    /usr/bin/xterm
teo        39296    0.0      0.0      27952    /usr/bin/xterm
--------------------------------------------------------------------

====================================================================
2025-02-06 21:35:24 - CPU and Memory Usage for Kathara-Related Processes
====================================================================
USER       PID      %CPU     %MEM     VSZ(KB)  COMMAND
--------------------------------------------------------------------
root       38635    18.0     0.0      1668     vde_switch
teo        39309    3.7      1.1      213244   /usr/lib/kathara/kathara
teo        39110    3.6      1.1      213236   /usr/lib/kathara/kathara
teo        39274    3.5      1.1      213240   /usr/lib/kathara/kathara
teo        39307    3.5      1.1      213248   /usr/lib/kathara/kathara
teo        39310    3.5      1.1      213244   /usr/lib/kathara/kathara
teo        39308    3.4      1.1      213240   /usr/lib/kathara/kathara
root       1997     0.4      0.0      718376   ./katharanp
root       1897     0.1      0.6      3762844  /usr/bin/dockerd
root       38524    0.1      0.0      18608    /bin/bash
teo        39203    0.1      0.0      27952    /usr/bin/xterm
teo        39297    0.1      0.0      27952    /usr/bin/xterm
root       38522    0.0      0.0      28316    sudo
root       38523    0.0      0.0      28316    sudo
root       38632    0.0      0.0      1668     vde_switch
teo        39095    0.0      0.0      27948    /usr/bin/xterm
teo        39261    0.0      0.0      27948    /usr/bin/xterm
teo        39262    0.0      0.0      28716    /usr/bin/xterm
teo        39296    0.0      0.0      27952    /usr/bin/xterm
--------------------------------------------------------------------

====================================================================
2025-02-06 21:35:25 - CPU and Memory Usage for Kathara-Related Processes
====================================================================
USER       PID      %CPU     %MEM     VSZ(KB)  COMMAND
--------------------------------------------------------------------
root       38635    22.8     0.0      1668     vde_switch
teo        39309    3.4      1.1      213244   /usr/lib/kathara/kathara
teo        39110    3.3      1.1      213236   /usr/lib/kathara/kathara
teo        39274    3.3      1.1      213240   /usr/lib/kathara/kathara
teo        39307    3.3      1.1      213248   /usr/lib/kathara/kathara
teo        39308    3.2      1.1      213240   /usr/lib/kathara/kathara
teo        39310    3.2      1.1      213244   /usr/lib/kathara/kathara
root       1997     0.4      0.0      718376   ./katharanp
root       1897     0.1      0.6      3762844  /usr/bin/dockerd
root       38524    0.1      0.0      18608    /bin/bash
teo        39203    0.1      0.0      27952    /usr/bin/xterm
teo        39297    0.1      0.0      27952    /usr/bin/xterm
root       38522    0.0      0.0      28316    sudo
root       38523    0.0      0.0      28316    sudo
root       38632    0.0      0.0      1668     vde_switch
teo        39095    0.0      0.0      27948    /usr/bin/xterm
teo        39261    0.0      0.0      27948    /usr/bin/xterm
teo        39262    0.0      0.0      28716    /usr/bin/xterm
teo        39296    0.0      0.0      27952    /usr/bin/xterm
--------------------------------------------------------------------

====================================================================
2025-02-06 21:35:26 - CPU and Memory Usage for Kathara-Related Processes
====================================================================
USER       PID      %CPU     %MEM     VSZ(KB)  COMMAND
--------------------------------------------------------------------
root       38635    27.2     0.0      1668     vde_switch
teo        39309    3.2      1.1      213244   /usr/lib/kathara/kathara
teo        39110    3.1      1.1      213236   /usr/lib/kathara/kathara
teo        39274    3.1      1.1      213240   /usr/lib/kathara/kathara
teo        39307    3.1      1.1      213248   /usr/lib/kathara/kathara
teo        39308    3.0      1.1      213240   /usr/lib/kathara/kathara
teo        39310    3.0      1.1      213244   /usr/lib/kathara/kathara
root       1997     0.4      0.0      718376   ./katharanp
root       1897     0.1      0.6      3762844  /usr/bin/dockerd
root       38524    0.1      0.0      18608    /bin/bash
teo        39203    0.1      0.0      27952    /usr/bin/xterm
teo        39297    0.1      0.0      27952    /usr/bin/xterm
root       38522    0.0      0.0      28316    sudo
root       38523    0.0      0.0      28316    sudo
root       38632    0.0      0.0      1668     vde_switch
teo        39095    0.0      0.0      27948    /usr/bin/xterm
teo        39261    0.0      0.0      27948    /usr/bin/xterm
teo        39262    0.0      0.0      28716    /usr/bin/xterm
teo        39296    0.0      0.0      27952    /usr/bin/xterm
--------------------------------------------------------------------

====================================================================
2025-02-06 21:35:27 - CPU and Memory Usage for Kathara-Related Processes
====================================================================
USER       PID      %CPU     %MEM     VSZ(KB)  COMMAND
--------------------------------------------------------------------
root       38635    31.0     0.0      1668     vde_switch
teo        39309    3.0      1.1      213244   /usr/lib/kathara/kathara
teo        39110    2.9      1.1      213236   /usr/lib/kathara/kathara
teo        39274    2.9      1.1      213240   /usr/lib/kathara/kathara
teo        39307    2.9      1.1      213248   /usr/lib/kathara/kathara
teo        39308    2.8      1.1      213240   /usr/lib/kathara/kathara
teo        39310    2.8      1.1      213244   /usr/lib/kathara/kathara
root       1997     0.4      0.0      718376   ./katharanp
root       1897     0.1      0.6      3762844  /usr/bin/dockerd
root       38524    0.1      0.0      18608    /bin/bash
teo        39203    0.1      0.0      27952    /usr/bin/xterm
teo        39297    0.1      0.0      27952    /usr/bin/xterm
root       38522    0.0      0.0      28316    sudo
root       38523    0.0      0.0      28316    sudo
root       38632    0.0      0.0      1668     vde_switch
teo        39095    0.0      0.0      27948    /usr/bin/xterm
teo        39261    0.0      0.0      27948    /usr/bin/xterm
teo        39262    0.0      0.0      28716    /usr/bin/xterm
teo        39296    0.0      0.0      27952    /usr/bin/xterm
--------------------------------------------------------------------

====================================================================
2025-02-06 21:35:28 - CPU and Memory Usage for Kathara-Related Processes
====================================================================
USER       PID      %CPU     %MEM     VSZ(KB)  COMMAND
--------------------------------------------------------------------
root       38635    34.6     0.0      1668     vde_switch
teo        39110    2.8      1.1      213236   /usr/lib/kathara/kathara
teo        39309    2.8      1.1      213244   /usr/lib/kathara/kathara
teo        39274    2.7      1.1      213240   /usr/lib/kathara/kathara
teo        39307    2.7      1.1      213248   /usr/lib/kathara/kathara
teo        39310    2.7      1.1      213244   /usr/lib/kathara/kathara
teo        39308    2.6      1.1      213240   /usr/lib/kathara/kathara
root       1997     0.4      0.0      718376   ./katharanp
root       1897     0.1      0.6      3762844  /usr/bin/dockerd
root       38524    0.1      0.0      18608    /bin/bash
teo        39203    0.1      0.0      27952    /usr/bin/xterm
teo        39297    0.1      0.0      27952    /usr/bin/xterm
root       38522    0.0      0.0      28316    sudo
root       38523    0.0      0.0      28316    sudo
root       38632    0.0      0.0      1668     vde_switch
teo        39095    0.0      0.0      27948    /usr/bin/xterm
teo        39261    0.0      0.0      27948    /usr/bin/xterm
teo        39262    0.0      0.0      28716    /usr/bin/xterm
teo        39296    0.0      0.0      27952    /usr/bin/xterm
--------------------------------------------------------------------

====================================================================
2025-02-06 21:35:29 - CPU and Memory Usage for Kathara-Related Processes
====================================================================
USER       PID      %CPU     %MEM     VSZ(KB)  COMMAND
--------------------------------------------------------------------
root       38635    37.7     0.0      1668     vde_switch
teo        39309    2.7      1.1      213244   /usr/lib/kathara/kathara
teo        39110    2.6      1.1      213236   /usr/lib/kathara/kathara
teo        39274    2.6      1.1      213240   /usr/lib/kathara/kathara
teo        39307    2.6      1.1      213248   /usr/lib/kathara/kathara
teo        39308    2.5      1.1      213240   /usr/lib/kathara/kathara
teo        39310    2.5      1.1      213244   /usr/lib/kathara/kathara
root       1997     0.5      0.0      718376   ./katharanp
root       1897     0.1      0.6      3762844  /usr/bin/dockerd
root       38524    0.1      0.0      18608    /bin/bash
teo        39203    0.1      0.0      27952    /usr/bin/xterm
teo        39297    0.1      0.0      27952    /usr/bin/xterm
root       38522    0.0      0.0      28316    sudo
root       38523    0.0      0.0      28316    sudo
root       38632    0.0      0.0      1668     vde_switch
teo        39095    0.0      0.0      27948    /usr/bin/xterm
teo        39261    0.0      0.0      27948    /usr/bin/xterm
teo        39262    0.0      0.0      28716    /usr/bin/xterm
teo        39296    0.0      0.0      27952    /usr/bin/xterm
--------------------------------------------------------------------

====================================================================
2025-02-06 21:35:30 - CPU and Memory Usage for Kathara-Related Processes
====================================================================
USER       PID      %CPU     %MEM     VSZ(KB)  COMMAND
--------------------------------------------------------------------
root       38635    40.5     0.0      1668     vde_switch
teo        39110    2.5      1.1      213236   /usr/lib/kathara/kathara
teo        39309    2.5      1.1      213244   /usr/lib/kathara/kathara
teo        39274    2.4      1.1      213240   /usr/lib/kathara/kathara
teo        39307    2.4      1.1      213248   /usr/lib/kathara/kathara
teo        39310    2.4      1.1      213244   /usr/lib/kathara/kathara
teo        39308    2.3      1.1      213240   /usr/lib/kathara/kathara
root       1997     0.5      0.0      718376   ./katharanp
root       1897     0.1      0.6      3762844  /usr/bin/dockerd
root       38524    0.1      0.0      18608    /bin/bash
root       38522    0.0      0.0      28316    sudo
root       38523    0.0      0.0      28316    sudo
root       38632    0.0      0.0      1668     vde_switch
teo        39095    0.0      0.0      27948    /usr/bin/xterm
teo        39203    0.0      0.0      27952    /usr/bin/xterm
teo        39261    0.0      0.0      27948    /usr/bin/xterm
teo        39262    0.0      0.0      28716    /usr/bin/xterm
teo        39296    0.0      0.0      27952    /usr/bin/xterm
teo        39297    0.0      0.0      27952    /usr/bin/xterm
--------------------------------------------------------------------

====================================================================
2025-02-06 21:35:31 - CPU and Memory Usage for Kathara-Related Processes
====================================================================
USER       PID      %CPU     %MEM     VSZ(KB)  COMMAND
--------------------------------------------------------------------
root       38635    43.2     0.0      1668     vde_switch
teo        39309    2.4      1.1      213244   /usr/lib/kathara/kathara
teo        39110    2.3      1.1      213236   /usr/lib/kathara/kathara
teo        39274    2.3      1.1      213240   /usr/lib/kathara/kathara
teo        39307    2.3      1.1      213248   /usr/lib/kathara/kathara
teo        39310    2.3      1.1      213244   /usr/lib/kathara/kathara
teo        39308    2.2      1.1      213240   /usr/lib/kathara/kathara
root       1997     0.5      0.0      718376   ./katharanp
root       1897     0.1      0.6      3762844  /usr/bin/dockerd
root       38524    0.1      0.0      18608    /bin/bash
root       38522    0.0      0.0      28316    sudo
root       38523    0.0      0.0      28316    sudo
root       38632    0.0      0.0      1668     vde_switch
teo        39095    0.0      0.0      27948    /usr/bin/xterm
teo        39203    0.0      0.0      27952    /usr/bin/xterm
teo        39261    0.0      0.0      27948    /usr/bin/xterm
teo        39262    0.0      0.0      28716    /usr/bin/xterm
teo        39296    0.0      0.0      27952    /usr/bin/xterm
teo        39297    0.0      0.0      27952    /usr/bin/xterm
--------------------------------------------------------------------

====================================================================
2025-02-06 21:35:32 - CPU and Memory Usage for Kathara-Related Processes
====================================================================
USER       PID      %CPU     %MEM     VSZ(KB)  COMMAND
--------------------------------------------------------------------
root       38635    45.5     0.0      1668     vde_switch
teo        39309    2.3      1.1      213244   /usr/lib/kathara/kathara
teo        39110    2.2      1.1      213236   /usr/lib/kathara/kathara
teo        39274    2.2      1.1      213240   /usr/lib/kathara/kathara
teo        39307    2.2      1.1      213248   /usr/lib/kathara/kathara
teo        39310    2.2      1.1      213244   /usr/lib/kathara/kathara
teo        39308    2.1      1.1      213240   /usr/lib/kathara/kathara
root       1997     0.5      0.0      718376   ./katharanp
root       1897     0.1      0.6      3762844  /usr/bin/dockerd
root       38524    0.1      0.0      18608    /bin/bash
root       38522    0.0      0.0      28316    sudo
root       38523    0.0      0.0      28316    sudo
root       38632    0.0      0.0      1668     vde_switch
teo        39095    0.0      0.0      27948    /usr/bin/xterm
teo        39203    0.0      0.0      27952    /usr/bin/xterm
teo        39261    0.0      0.0      27948    /usr/bin/xterm
teo        39262    0.0      0.0      28716    /usr/bin/xterm
teo        39296    0.0      0.0      27952    /usr/bin/xterm
teo        39297    0.0      0.0      27952    /usr/bin/xterm
--------------------------------------------------------------------

====================================================================
2025-02-06 21:35:33 - CPU and Memory Usage for Kathara-Related Processes
====================================================================
USER       PID      %CPU     %MEM     VSZ(KB)  COMMAND
--------------------------------------------------------------------
root       38635    47.7     0.0      1668     vde_switch
teo        39309    2.2      1.1      213244   /usr/lib/kathara/kathara
teo        39110    2.1      1.1      213236   /usr/lib/kathara/kathara
teo        39274    2.1      1.1      213240   /usr/lib/kathara/kathara
teo        39307    2.1      1.1      213248   /usr/lib/kathara/kathara
teo        39310    2.1      1.1      213244   /usr/lib/kathara/kathara
teo        39308    2.0      1.1      213240   /usr/lib/kathara/kathara
root       1997     0.5      0.0      718376   ./katharanp
root       1897     0.1      0.6      3762844  /usr/bin/dockerd
root       38524    0.1      0.0      18608    /bin/bash
root       38522    0.0      0.0      28316    sudo
root       38523    0.0      0.0      28316    sudo
root       38632    0.0      0.0      1668     vde_switch
teo        39095    0.0      0.0      27948    /usr/bin/xterm
teo        39203    0.0      0.0      27952    /usr/bin/xterm
teo        39261    0.0      0.0      27948    /usr/bin/xterm
teo        39262    0.0      0.0      28716    /usr/bin/xterm
teo        39296    0.0      0.0      27952    /usr/bin/xterm
teo        39297    0.0      0.0      27952    /usr/bin/xterm
--------------------------------------------------------------------

====================================================================
2025-02-06 21:35:34 - CPU and Memory Usage for Kathara-Related Processes
====================================================================
USER       PID      %CPU     %MEM     VSZ(KB)  COMMAND
--------------------------------------------------------------------
root       38635    49.8     0.0      1668     vde_switch
teo        39309    2.1      1.1      213244   /usr/lib/kathara/kathara
teo        39110    2.0      1.1      213236   /usr/lib/kathara/kathara
teo        39274    2.0      1.1      213240   /usr/lib/kathara/kathara
teo        39307    2.0      1.1      213248   /usr/lib/kathara/kathara
teo        39310    2.0      1.1      213244   /usr/lib/kathara/kathara
teo        39308    1.9      1.1      213240   /usr/lib/kathara/kathara
root       1997     0.5      0.0      718376   ./katharanp
root       1897     0.1      0.6      3762844  /usr/bin/dockerd
root       38524    0.1      0.0      18608    /bin/bash
root       38522    0.0      0.0      28316    sudo
root       38523    0.0      0.0      28316    sudo
root       38632    0.0      0.0      1668     vde_switch
teo        39095    0.0      0.0      27948    /usr/bin/xterm
teo        39203    0.0      0.0      27952    /usr/bin/xterm
teo        39261    0.0      0.0      27948    /usr/bin/xterm
teo        39262    0.0      0.0      28716    /usr/bin/xterm
teo        39296    0.0      0.0      27952    /usr/bin/xterm
teo        39297    0.0      0.0      27952    /usr/bin/xterm
--------------------------------------------------------------------

====================================================================
2025-02-06 21:35:35 - CPU and Memory Usage for Kathara-Related Processes
====================================================================
USER       PID      %CPU     %MEM     VSZ(KB)  COMMAND
--------------------------------------------------------------------
root       38635    51.6     0.0      1668     vde_switch
teo        39110    2.0      1.1      213236   /usr/lib/kathara/kathara
teo        39309    2.0      1.1      213244   /usr/lib/kathara/kathara
teo        39274    1.9      1.1      213240   /usr/lib/kathara/kathara
teo        39307    1.9      1.1      213248   /usr/lib/kathara/kathara
teo        39308    1.9      1.1      213240   /usr/lib/kathara/kathara
teo        39310    1.9      1.1      213244   /usr/lib/kathara/kathara
root       1997     0.5      0.0      718376   ./katharanp
root       1897     0.1      0.6      3762844  /usr/bin/dockerd
root       38524    0.1      0.0      18608    /bin/bash
root       38522    0.0      0.0      28316    sudo
root       38523    0.0      0.0      28316    sudo
root       38632    0.0      0.0      1668     vde_switch
teo        39095    0.0      0.0      27948    /usr/bin/xterm
teo        39203    0.0      0.0      27952    /usr/bin/xterm
teo        39261    0.0      0.0      27948    /usr/bin/xterm
teo        39262    0.0      0.0      28716    /usr/bin/xterm
teo        39296    0.0      0.0      27952    /usr/bin/xterm
teo        39297    0.0      0.0      27952    /usr/bin/xterm
--------------------------------------------------------------------

====================================================================
2025-02-06 21:35:36 - CPU and Memory Usage for Kathara-Related Processes
====================================================================
USER       PID      %CPU     %MEM     VSZ(KB)  COMMAND
--------------------------------------------------------------------
root       38635    53.4     0.0      1668     vde_switch
teo        39110    1.9      1.1      213236   /usr/lib/kathara/kathara
teo        39274    1.9      1.1      213240   /usr/lib/kathara/kathara
teo        39307    1.9      1.1      213248   /usr/lib/kathara/kathara
teo        39309    1.9      1.1      213244   /usr/lib/kathara/kathara
teo        39308    1.8      1.1      213240   /usr/lib/kathara/kathara
teo        39310    1.8      1.1      213244   /usr/lib/kathara/kathara
root       1997     0.5      0.0      718376   ./katharanp
root       1897     0.1      0.6      3762844  /usr/bin/dockerd
root       38524    0.1      0.0      18608    /bin/bash
root       38522    0.0      0.0      28316    sudo
root       38523    0.0      0.0      28316    sudo
root       38632    0.0      0.0      1668     vde_switch
teo        39095    0.0      0.0      27948    /usr/bin/xterm
teo        39203    0.0      0.0      27952    /usr/bin/xterm
teo        39261    0.0      0.0      27948    /usr/bin/xterm
teo        39262    0.0      0.0      28716    /usr/bin/xterm
teo        39296    0.0      0.0      27952    /usr/bin/xterm
teo        39297    0.0      0.0      27952    /usr/bin/xterm
--------------------------------------------------------------------

====================================================================
2025-02-06 21:35:37 - CPU and Memory Usage for Kathara-Related Processes
====================================================================
USER       PID      %CPU     %MEM     VSZ(KB)  COMMAND
--------------------------------------------------------------------
root       38635    55.0     0.0      1668     vde_switch
teo        39309    1.9      1.1      213244   /usr/lib/kathara/kathara
teo        39110    1.8      1.1      213236   /usr/lib/kathara/kathara
teo        39274    1.8      1.1      213240   /usr/lib/kathara/kathara
teo        39307    1.8      1.1      213248   /usr/lib/kathara/kathara
teo        39308    1.7      1.1      213240   /usr/lib/kathara/kathara
teo        39310    1.7      1.1      213244   /usr/lib/kathara/kathara
root       1997     0.5      0.0      718376   ./katharanp
root       1897     0.1      0.6      3762844  /usr/bin/dockerd
root       38524    0.1      0.0      18608    /bin/bash
root       38522    0.0      0.0      28316    sudo
root       38523    0.0      0.0      28316    sudo
root       38632    0.0      0.0      1668     vde_switch
teo        39095    0.0      0.0      27948    /usr/bin/xterm
teo        39203    0.0      0.0      27952    /usr/bin/xterm
teo        39261    0.0      0.0      27948    /usr/bin/xterm
teo        39262    0.0      0.0      28716    /usr/bin/xterm
teo        39296    0.0      0.0      27952    /usr/bin/xterm
teo        39297    0.0      0.0      27952    /usr/bin/xterm
--------------------------------------------------------------------

====================================================================
2025-02-06 21:35:38 - CPU and Memory Usage for Kathara-Related Processes
====================================================================
USER       PID      %CPU     %MEM     VSZ(KB)  COMMAND
--------------------------------------------------------------------
root       38635    56.5     0.0      1668     vde_switch
teo        39309    1.8      1.1      213244   /usr/lib/kathara/kathara
teo        39110    1.7      1.1      213236   /usr/lib/kathara/kathara
teo        39274    1.7      1.1      213240   /usr/lib/kathara/kathara
teo        39307    1.7      1.1      213248   /usr/lib/kathara/kathara
teo        39310    1.7      1.1      213244   /usr/lib/kathara/kathara
teo        39308    1.6      1.1      213240   /usr/lib/kathara/kathara
root       1997     0.5      0.0      718376   ./katharanp
root       1897     0.1      0.6      3762844  /usr/bin/dockerd
root       38524    0.1      0.0      18608    /bin/bash
root       38522    0.0      0.0      28316    sudo
root       38523    0.0      0.0      28316    sudo
root       38632    0.0      0.0      1668     vde_switch
teo        39095    0.0      0.0      27948    /usr/bin/xterm
teo        39203    0.0      0.0      27952    /usr/bin/xterm
teo        39261    0.0      0.0      27948    /usr/bin/xterm
teo        39262    0.0      0.0      28716    /usr/bin/xterm
teo        39296    0.0      0.0      27952    /usr/bin/xterm
teo        39297    0.0      0.0      27952    /usr/bin/xterm
--------------------------------------------------------------------

====================================================================
2025-02-06 21:35:39 - CPU and Memory Usage for Kathara-Related Processes
====================================================================
USER       PID      %CPU     %MEM     VSZ(KB)  COMMAND
--------------------------------------------------------------------
root       38635    57.9     0.0      1668     vde_switch
teo        39110    1.7      1.1      213236   /usr/lib/kathara/kathara
teo        39274    1.7      1.1      213240   /usr/lib/kathara/kathara
teo        39307    1.7      1.1      213248   /usr/lib/kathara/kathara
teo        39309    1.7      1.1      213244   /usr/lib/kathara/kathara
teo        39308    1.6      1.1      213240   /usr/lib/kathara/kathara
teo        39310    1.6      1.1      213244   /usr/lib/kathara/kathara
root       1997     0.5      0.0      718376   ./katharanp
root       1897     0.1      0.6      3762844  /usr/bin/dockerd
root       38524    0.1      0.0      18608    /bin/bash
root       38522    0.0      0.0      28316    sudo
root       38523    0.0      0.0      28316    sudo
root       38632    0.0      0.0      1668     vde_switch
teo        39095    0.0      0.0      27948    /usr/bin/xterm
teo        39203    0.0      0.0      27952    /usr/bin/xterm
teo        39261    0.0      0.0      27948    /usr/bin/xterm
teo        39262    0.0      0.0      28716    /usr/bin/xterm
teo        39296    0.0      0.0      27952    /usr/bin/xterm
teo        39297    0.0      0.0      27952    /usr/bin/xterm
--------------------------------------------------------------------

====================================================================
2025-02-06 21:35:40 - CPU and Memory Usage for Kathara-Related Processes
====================================================================
USER       PID      %CPU     %MEM     VSZ(KB)  COMMAND
--------------------------------------------------------------------
root       38635    59.3     0.0      1668     vde_switch
teo        39309    1.7      1.1      213244   /usr/lib/kathara/kathara
teo        39110    1.6      1.1      213236   /usr/lib/kathara/kathara
teo        39274    1.6      1.1      213240   /usr/lib/kathara/kathara
teo        39307    1.6      1.1      213248   /usr/lib/kathara/kathara
teo        39310    1.6      1.1      213244   /usr/lib/kathara/kathara
teo        39308    1.5      1.1      213240   /usr/lib/kathara/kathara
root       1997     0.5      0.0      718376   ./katharanp
root       1897     0.1      0.6      3762844  /usr/bin/dockerd
root       38524    0.1      0.0      18608    /bin/bash
root       38522    0.0      0.0      28316    sudo
root       38523    0.0      0.0      28316    sudo
root       38632    0.0      0.0      1668     vde_switch
teo        39095    0.0      0.0      27948    /usr/bin/xterm
teo        39203    0.0      0.0      27952    /usr/bin/xterm
teo        39261    0.0      0.0      27948    /usr/bin/xterm
teo        39262    0.0      0.0      28716    /usr/bin/xterm
teo        39296    0.0      0.0      27952    /usr/bin/xterm
teo        39297    0.0      0.0      27952    /usr/bin/xterm
--------------------------------------------------------------------

====================================================================
2025-02-06 21:35:41 - CPU and Memory Usage for Kathara-Related Processes
====================================================================
USER       PID      %CPU     %MEM     VSZ(KB)  COMMAND
--------------------------------------------------------------------
root       38635    60.5     0.0      1668     vde_switch
teo        39110    1.6      1.1      213236   /usr/lib/kathara/kathara
teo        39309    1.6      1.1      213244   /usr/lib/kathara/kathara
teo        39274    1.5      1.1      213240   /usr/lib/kathara/kathara
teo        39307    1.5      1.1      213248   /usr/lib/kathara/kathara
teo        39308    1.5      1.1      213240   /usr/lib/kathara/kathara
teo        39310    1.5      1.1      213244   /usr/lib/kathara/kathara
root       1997     0.5      0.0      718376   ./katharanp
root       1897     0.1      0.6      3762844  /usr/bin/dockerd
root       38524    0.1      0.0      18608    /bin/bash
root       38522    0.0      0.0      28316    sudo
root       38523    0.0      0.0      28316    sudo
root       38632    0.0      0.0      1668     vde_switch
teo        39095    0.0      0.0      27948    /usr/bin/xterm
teo        39203    0.0      0.0      27952    /usr/bin/xterm
teo        39261    0.0      0.0      27948    /usr/bin/xterm
teo        39262    0.0      0.0      28716    /usr/bin/xterm
teo        39296    0.0      0.0      27952    /usr/bin/xterm
teo        39297    0.0      0.0      27952    /usr/bin/xterm
--------------------------------------------------------------------

====================================================================
2025-02-06 21:35:42 - CPU and Memory Usage for Kathara-Related Processes
====================================================================
USER       PID      %CPU     %MEM     VSZ(KB)  COMMAND
--------------------------------------------------------------------
root       38635    61.7     0.0      1668     vde_switch
teo        39309    1.6      1.1      213244   /usr/lib/kathara/kathara
teo        39110    1.5      1.1      213236   /usr/lib/kathara/kathara
teo        39274    1.5      1.1      213240   /usr/lib/kathara/kathara
teo        39307    1.5      1.1      213248   /usr/lib/kathara/kathara
teo        39310    1.5      1.1      213244   /usr/lib/kathara/kathara
teo        39308    1.4      1.1      213240   /usr/lib/kathara/kathara
root       1997     0.6      0.0      718376   ./katharanp
root       1897     0.1      0.6      3762844  /usr/bin/dockerd
root       38524    0.1      0.0      18608    /bin/bash
root       38522    0.0      0.0      28316    sudo
root       38523    0.0      0.0      28316    sudo
root       38632    0.0      0.0      1668     vde_switch
teo        39095    0.0      0.0      27948    /usr/bin/xterm
teo        39203    0.0      0.0      27952    /usr/bin/xterm
teo        39261    0.0      0.0      27948    /usr/bin/xterm
teo        39262    0.0      0.0      28716    /usr/bin/xterm
teo        39296    0.0      0.0      27952    /usr/bin/xterm
teo        39297    0.0      0.0      27952    /usr/bin/xterm
--------------------------------------------------------------------

====================================================================
2025-02-06 21:35:43 - CPU and Memory Usage for Kathara-Related Processes
====================================================================
USER       PID      %CPU     %MEM     VSZ(KB)  COMMAND
--------------------------------------------------------------------
root       38635    62.7     0.0      1668     vde_switch
teo        39110    1.5      1.1      213236   /usr/lib/kathara/kathara
teo        39309    1.5      1.1      213244   /usr/lib/kathara/kathara
teo        39274    1.4      1.1      213240   /usr/lib/kathara/kathara
teo        39307    1.4      1.1      213248   /usr/lib/kathara/kathara
teo        39308    1.4      1.1      213240   /usr/lib/kathara/kathara
teo        39310    1.4      1.1      213244   /usr/lib/kathara/kathara
root       1997     0.6      0.0      718376   ./katharanp
root       1897     0.1      0.6      3762844  /usr/bin/dockerd
root       38524    0.1      0.0      18608    /bin/bash
root       38522    0.0      0.0      28316    sudo
root       38523    0.0      0.0      28316    sudo
root       38632    0.0      0.0      1668     vde_switch
teo        39095    0.0      0.0      27948    /usr/bin/xterm
teo        39203    0.0      0.0      27952    /usr/bin/xterm
teo        39261    0.0      0.0      27948    /usr/bin/xterm
teo        39262    0.0      0.0      28716    /usr/bin/xterm
teo        39296    0.0      0.0      27952    /usr/bin/xterm
teo        39297    0.0      0.0      27952    /usr/bin/xterm
--------------------------------------------------------------------

====================================================================
2025-02-06 21:35:44 - CPU and Memory Usage for Kathara-Related Processes
====================================================================
USER       PID      %CPU     %MEM     VSZ(KB)  COMMAND
--------------------------------------------------------------------
root       38635    63.8     0.0      1668     vde_switch
teo        39309    1.5      1.1      213244   /usr/lib/kathara/kathara
teo        39110    1.4      1.1      213236   /usr/lib/kathara/kathara
teo        39274    1.4      1.1      213240   /usr/lib/kathara/kathara
teo        39307    1.4      1.1      213248   /usr/lib/kathara/kathara
teo        39310    1.4      1.1      213244   /usr/lib/kathara/kathara
teo        39308    1.3      1.1      213240   /usr/lib/kathara/kathara
root       1997     0.6      0.0      718376   ./katharanp
root       1897     0.1      0.6      3762844  /usr/bin/dockerd
root       38524    0.1      0.0      18608    /bin/bash
root       38522    0.0      0.0      28316    sudo
root       38523    0.0      0.0      28316    sudo
root       38632    0.0      0.0      1668     vde_switch
teo        39095    0.0      0.0      27948    /usr/bin/xterm
teo        39203    0.0      0.0      27952    /usr/bin/xterm
teo        39261    0.0      0.0      27948    /usr/bin/xterm
teo        39262    0.0      0.0      28716    /usr/bin/xterm
teo        39296    0.0      0.0      27952    /usr/bin/xterm
teo        39297    0.0      0.0      27952    /usr/bin/xterm
--------------------------------------------------------------------

====================================================================
2025-02-06 21:35:45 - CPU and Memory Usage for Kathara-Related Processes
====================================================================
USER       PID      %CPU     %MEM     VSZ(KB)  COMMAND
--------------------------------------------------------------------
root       38635    64.8     0.0      1668     vde_switch
teo        39110    1.4      1.1      213236   /usr/lib/kathara/kathara
teo        39274    1.4      1.1      213240   /usr/lib/kathara/kathara
teo        39307    1.4      1.1      213248   /usr/lib/kathara/kathara
teo        39309    1.4      1.1      213244   /usr/lib/kathara/kathara
teo        39308    1.3      1.1      213240   /usr/lib/kathara/kathara
teo        39310    1.3      1.1      213244   /usr/lib/kathara/kathara
root       1997     0.6      0.0      718376   ./katharanp
root       1897     0.1      0.6      3762844  /usr/bin/dockerd
root       38524    0.1      0.0      18608    /bin/bash
root       38522    0.0      0.0      28316    sudo
root       38523    0.0      0.0      28316    sudo
root       38632    0.0      0.0      1668     vde_switch
teo        39095    0.0      0.0      27948    /usr/bin/xterm
teo        39203    0.0      0.0      27952    /usr/bin/xterm
teo        39261    0.0      0.0      27948    /usr/bin/xterm
teo        39262    0.0      0.0      28716    /usr/bin/xterm
teo        39296    0.0      0.0      27952    /usr/bin/xterm
teo        39297    0.0      0.0      27952    /usr/bin/xterm
--------------------------------------------------------------------

====================================================================
2025-02-06 21:35:46 - CPU and Memory Usage for Kathara-Related Processes
====================================================================
USER       PID      %CPU     %MEM     VSZ(KB)  COMMAND
--------------------------------------------------------------------
root       38635    65.7     0.0      1668     vde_switch
teo        39309    1.4      1.1      213244   /usr/lib/kathara/kathara
teo        39110    1.3      1.1      213236   /usr/lib/kathara/kathara
teo        39274    1.3      1.1      213240   /usr/lib/kathara/kathara
teo        39307    1.3      1.1      213248   /usr/lib/kathara/kathara
teo        39308    1.3      1.1      213240   /usr/lib/kathara/kathara
teo        39310    1.3      1.1      213244   /usr/lib/kathara/kathara
root       1997     0.6      0.0      718376   ./katharanp
root       1897     0.1      0.6      3762844  /usr/bin/dockerd
root       38524    0.1      0.0      18608    /bin/bash
root       38522    0.0      0.0      28316    sudo
root       38523    0.0      0.0      28316    sudo
root       38632    0.0      0.0      1668     vde_switch
teo        39095    0.0      0.0      27948    /usr/bin/xterm
teo        39203    0.0      0.0      27952    /usr/bin/xterm
teo        39261    0.0      0.0      27948    /usr/bin/xterm
teo        39262    0.0      0.0      28716    /usr/bin/xterm
teo        39296    0.0      0.0      27952    /usr/bin/xterm
teo        39297    0.0      0.0      27952    /usr/bin/xterm
--------------------------------------------------------------------

====================================================================
2025-02-06 21:35:47 - CPU and Memory Usage for Kathara-Related Processes
====================================================================
USER       PID      %CPU     %MEM     VSZ(KB)  COMMAND
--------------------------------------------------------------------
root       38635    66.6     0.0      1668     vde_switch
teo        39110    1.3      1.1      213236   /usr/lib/kathara/kathara
teo        39274    1.3      1.1      213240   /usr/lib/kathara/kathara
teo        39307    1.3      1.1      213248   /usr/lib/kathara/kathara
teo        39309    1.3      1.1      213244   /usr/lib/kathara/kathara
teo        39310    1.3      1.1      213244   /usr/lib/kathara/kathara
teo        39308    1.2      1.1      213240   /usr/lib/kathara/kathara
root       1997     0.6      0.0      718376   ./katharanp
root       1897     0.1      0.6      3762844  /usr/bin/dockerd
root       38524    0.1      0.0      18608    /bin/bash
root       38522    0.0      0.0      28316    sudo
root       38523    0.0      0.0      28316    sudo
root       38632    0.0      0.0      1668     vde_switch
teo        39095    0.0      0.0      27948    /usr/bin/xterm
teo        39203    0.0      0.0      27952    /usr/bin/xterm
teo        39261    0.0      0.0      27948    /usr/bin/xterm
teo        39262    0.0      0.0      28716    /usr/bin/xterm
teo        39296    0.0      0.0      27952    /usr/bin/xterm
teo        39297    0.0      0.0      27952    /usr/bin/xterm
--------------------------------------------------------------------

====================================================================
2025-02-06 21:35:48 - CPU and Memory Usage for Kathara-Related Processes
====================================================================
USER       PID      %CPU     %MEM     VSZ(KB)  COMMAND
--------------------------------------------------------------------
root       38635    67.4     0.0      1668     vde_switch
teo        39110    1.3      1.1      213236   /usr/lib/kathara/kathara
teo        39309    1.3      1.1      213244   /usr/lib/kathara/kathara
teo        39274    1.2      1.1      213240   /usr/lib/kathara/kathara
teo        39307    1.2      1.1      213248   /usr/lib/kathara/kathara
teo        39308    1.2      1.1      213240   /usr/lib/kathara/kathara
teo        39310    1.2      1.1      213244   /usr/lib/kathara/kathara
root       1997     0.6      0.0      718376   ./katharanp
root       1897     0.1      0.6      3762844  /usr/bin/dockerd
root       38524    0.1      0.0      18608    /bin/bash
root       38522    0.0      0.0      28316    sudo
root       38523    0.0      0.0      28316    sudo
root       38632    0.0      0.0      1668     vde_switch
teo        39095    0.0      0.0      27948    /usr/bin/xterm
teo        39203    0.0      0.0      27952    /usr/bin/xterm
teo        39261    0.0      0.0      27948    /usr/bin/xterm
teo        39262    0.0      0.0      28716    /usr/bin/xterm
teo        39296    0.0      0.0      27952    /usr/bin/xterm
teo        39297    0.0      0.0      27952    /usr/bin/xterm
--------------------------------------------------------------------

====================================================================
2025-02-06 21:35:49 - CPU and Memory Usage for Kathara-Related Processes
====================================================================
USER       PID      %CPU     %MEM     VSZ(KB)  COMMAND
--------------------------------------------------------------------
root       38635    68.2     0.0      1668     vde_switch
teo        39309    1.3      1.1      213244   /usr/lib/kathara/kathara
teo        39110    1.2      1.1      213236   /usr/lib/kathara/kathara
teo        39274    1.2      1.1      213240   /usr/lib/kathara/kathara
teo        39307    1.2      1.1      213248   /usr/lib/kathara/kathara
teo        39308    1.2      1.1      213240   /usr/lib/kathara/kathara
teo        39310    1.2      1.1      213244   /usr/lib/kathara/kathara
root       1997     0.6      0.0      718376   ./katharanp
root       1897     0.1      0.6      3762844  /usr/bin/dockerd
root       38524    0.1      0.0      18608    /bin/bash
root       38522    0.0      0.0      28316    sudo
root       38523    0.0      0.0      28316    sudo
root       38632    0.0      0.0      1668     vde_switch
teo        39095    0.0      0.0      27948    /usr/bin/xterm
teo        39203    0.0      0.0      27952    /usr/bin/xterm
teo        39261    0.0      0.0      27948    /usr/bin/xterm
teo        39262    0.0      0.0      28716    /usr/bin/xterm
teo        39296    0.0      0.0      27952    /usr/bin/xterm
teo        39297    0.0      0.0      27952    /usr/bin/xterm
--------------------------------------------------------------------

====================================================================
2025-02-06 21:35:50 - CPU and Memory Usage for Kathara-Related Processes
====================================================================
USER       PID      %CPU     %MEM     VSZ(KB)  COMMAND
--------------------------------------------------------------------
root       38635    69.0     0.0      1668     vde_switch
teo        39110    1.2      1.1      213236   /usr/lib/kathara/kathara
teo        39274    1.2      1.1      213240   /usr/lib/kathara/kathara
teo        39307    1.2      1.1      213248   /usr/lib/kathara/kathara
teo        39309    1.2      1.1      213244   /usr/lib/kathara/kathara
teo        39310    1.2      1.1      213244   /usr/lib/kathara/kathara
teo        39308    1.1      1.1      213240   /usr/lib/kathara/kathara
root       1997     0.6      0.0      718376   ./katharanp
root       1897     0.1      0.6      3762844  /usr/bin/dockerd
root       38524    0.1      0.0      18608    /bin/bash
root       38522    0.0      0.0      28316    sudo
root       38523    0.0      0.0      28316    sudo
root       38632    0.0      0.0      1668     vde_switch
teo        39095    0.0      0.0      27948    /usr/bin/xterm
teo        39203    0.0      0.0      27952    /usr/bin/xterm
teo        39261    0.0      0.0      27948    /usr/bin/xterm
teo        39262    0.0      0.0      28716    /usr/bin/xterm
teo        39296    0.0      0.0      27952    /usr/bin/xterm
teo        39297    0.0      0.0      27952    /usr/bin/xterm
--------------------------------------------------------------------

====================================================================
2025-02-06 21:35:51 - CPU and Memory Usage for Kathara-Related Processes
====================================================================
USER       PID      %CPU     %MEM     VSZ(KB)  COMMAND
--------------------------------------------------------------------
root       38635    68.6     0.0      1668     vde_switch
teo        39110    1.2      1.1      213236   /usr/lib/kathara/kathara
teo        39307    1.2      1.1      213248   /usr/lib/kathara/kathara
teo        39309    1.2      1.1      213244   /usr/lib/kathara/kathara
teo        39274    1.1      1.1      213240   /usr/lib/kathara/kathara
teo        39308    1.1      1.1      213240   /usr/lib/kathara/kathara
teo        39310    1.1      1.1      213244   /usr/lib/kathara/kathara
root       1997     0.6      0.0      718376   ./katharanp
root       1897     0.1      0.6      3762844  /usr/bin/dockerd
root       38524    0.1      0.0      18608    /bin/bash
root       38522    0.0      0.0      28316    sudo
root       38523    0.0      0.0      28316    sudo
root       38632    0.0      0.0      1668     vde_switch
teo        39095    0.0      0.0      27948    /usr/bin/xterm
teo        39203    0.0      0.0      27952    /usr/bin/xterm
teo        39261    0.0      0.0      27948    /usr/bin/xterm
teo        39262    0.0      0.0      28716    /usr/bin/xterm
teo        39296    0.0      0.0      27952    /usr/bin/xterm
teo        39297    0.0      0.0      27952    /usr/bin/xterm
--------------------------------------------------------------------

====================================================================
2025-02-06 21:35:52 - CPU and Memory Usage for Kathara-Related Processes
====================================================================
USER       PID      %CPU     %MEM     VSZ(KB)  COMMAND
--------------------------------------------------------------------
root       38635    67.1     0.0      1668     vde_switch
teo        39309    1.2      1.1      213244   /usr/lib/kathara/kathara
teo        39110    1.1      1.1      213236   /usr/lib/kathara/kathara
teo        39274    1.1      1.1      213240   /usr/lib/kathara/kathara
teo        39307    1.1      1.1      213248   /usr/lib/kathara/kathara
teo        39308    1.1      1.1      213240   /usr/lib/kathara/kathara
teo        39310    1.1      1.1      213244   /usr/lib/kathara/kathara
root       1997     0.6      0.0      718376   ./katharanp
root       1897     0.1      0.6      3762844  /usr/bin/dockerd
root       38524    0.1      0.0      18608    /bin/bash
root       38522    0.0      0.0      28316    sudo
root       38523    0.0      0.0      28316    sudo
root       38632    0.0      0.0      1668     vde_switch
teo        39095    0.0      0.0      27948    /usr/bin/xterm
teo        39203    0.0      0.0      27952    /usr/bin/xterm
teo        39261    0.0      0.0      27948    /usr/bin/xterm
teo        39262    0.0      0.0      28716    /usr/bin/xterm
teo        39296    0.0      0.0      27952    /usr/bin/xterm
teo        39297    0.0      0.0      27952    /usr/bin/xterm
--------------------------------------------------------------------

====================================================================
2025-02-06 21:35:53 - CPU and Memory Usage for Kathara-Related Processes
====================================================================
USER       PID      %CPU     %MEM     VSZ(KB)  COMMAND
--------------------------------------------------------------------
root       38635    65.6     0.0      1668     vde_switch
teo        39110    1.1      1.1      213236   /usr/lib/kathara/kathara
teo        39274    1.1      1.1      213240   /usr/lib/kathara/kathara
teo        39307    1.1      1.1      213248   /usr/lib/kathara/kathara
teo        39309    1.1      1.1      213244   /usr/lib/kathara/kathara
teo        39310    1.1      1.1      213244   /usr/lib/kathara/kathara
teo        39308    1.0      1.1      213240   /usr/lib/kathara/kathara
root       1997     0.6      0.0      718376   ./katharanp
root       1897     0.1      0.6      3762844  /usr/bin/dockerd
root       38524    0.1      0.0      18608    /bin/bash
root       38522    0.0      0.0      28316    sudo
root       38523    0.0      0.0      28316    sudo
root       38632    0.0      0.0      1668     vde_switch
teo        39095    0.0      0.0      27948    /usr/bin/xterm
teo        39203    0.0      0.0      27952    /usr/bin/xterm
teo        39261    0.0      0.0      27948    /usr/bin/xterm
teo        39262    0.0      0.0      28716    /usr/bin/xterm
teo        39296    0.0      0.0      27952    /usr/bin/xterm
teo        39297    0.0      0.0      27952    /usr/bin/xterm
--------------------------------------------------------------------

====================================================================
2025-02-06 21:35:54 - CPU and Memory Usage for Kathara-Related Processes
====================================================================
USER       PID      %CPU     %MEM     VSZ(KB)  COMMAND
--------------------------------------------------------------------
root       38635    64.1     0.0      1668     vde_switch
teo        39110    1.1      1.1      213236   /usr/lib/kathara/kathara
teo        39274    1.1      1.1      213240   /usr/lib/kathara/kathara
teo        39307    1.1      1.1      213248   /usr/lib/kathara/kathara
teo        39309    1.1      1.1      213244   /usr/lib/kathara/kathara
teo        39308    1.0      1.1      213240   /usr/lib/kathara/kathara
teo        39310    1.0      1.1      213244   /usr/lib/kathara/kathara
root       1997     0.6      0.0      718376   ./katharanp
root       1897     0.1      0.6      3762844  /usr/bin/dockerd
root       38524    0.1      0.0      18608    /bin/bash
root       38522    0.0      0.0      28316    sudo
root       38523    0.0      0.0      28316    sudo
root       38632    0.0      0.0      1668     vde_switch
teo        39095    0.0      0.0      27948    /usr/bin/xterm
teo        39203    0.0      0.0      27952    /usr/bin/xterm
teo        39261    0.0      0.0      27948    /usr/bin/xterm
teo        39262    0.0      0.0      28716    /usr/bin/xterm
teo        39296    0.0      0.0      27952    /usr/bin/xterm
teo        39297    0.0      0.0      27952    /usr/bin/xterm
--------------------------------------------------------------------

====================================================================
2025-02-06 21:35:55 - CPU and Memory Usage for Kathara-Related Processes
====================================================================
USER       PID      %CPU     %MEM     VSZ(KB)  COMMAND
--------------------------------------------------------------------
root       38635    62.7     0.0      1668     vde_switch
teo        39110    1.1      1.1      213236   /usr/lib/kathara/kathara
teo        39309    1.1      1.1      213244   /usr/lib/kathara/kathara
teo        39274    1.0      1.1      213240   /usr/lib/kathara/kathara
teo        39307    1.0      1.1      213248   /usr/lib/kathara/kathara
teo        39308    1.0      1.1      213240   /usr/lib/kathara/kathara
teo        39310    1.0      1.1      213244   /usr/lib/kathara/kathara
root       1997     0.6      0.0      718376   ./katharanp
root       1897     0.1      0.6      3762844  /usr/bin/dockerd
root       38524    0.1      0.0      18608    /bin/bash
root       38522    0.0      0.0      28316    sudo
root       38523    0.0      0.0      28316    sudo
root       38632    0.0      0.0      1668     vde_switch
teo        39095    0.0      0.0      27948    /usr/bin/xterm
teo        39203    0.0      0.0      27952    /usr/bin/xterm
teo        39261    0.0      0.0      27948    /usr/bin/xterm
teo        39262    0.0      0.0      28716    /usr/bin/xterm
teo        39296    0.0      0.0      27952    /usr/bin/xterm
teo        39297    0.0      0.0      27952    /usr/bin/xterm
--------------------------------------------------------------------

====================================================================
2025-02-06 21:35:57 - CPU and Memory Usage for Kathara-Related Processes
====================================================================
USER       PID      %CPU     %MEM     VSZ(KB)  COMMAND
--------------------------------------------------------------------
root       38635    61.4     0.0      1668     vde_switch
teo        39309    1.1      1.1      213244   /usr/lib/kathara/kathara
teo        39110    1.0      1.1      213236   /usr/lib/kathara/kathara
teo        39274    1.0      1.1      213240   /usr/lib/kathara/kathara
teo        39307    1.0      1.1      213248   /usr/lib/kathara/kathara
teo        39308    1.0      1.1      213240   /usr/lib/kathara/kathara
teo        39310    1.0      1.1      213244   /usr/lib/kathara/kathara
root       1997     0.6      0.0      718376   ./katharanp
root       1897     0.1      0.6      3762844  /usr/bin/dockerd
root       38524    0.1      0.0      18608    /bin/bash
root       38522    0.0      0.0      28316    sudo
root       38523    0.0      0.0      28316    sudo
root       38632    0.0      0.0      1668     vde_switch
teo        39095    0.0      0.0      27948    /usr/bin/xterm
teo        39203    0.0      0.0      27952    /usr/bin/xterm
teo        39261    0.0      0.0      27948    /usr/bin/xterm
teo        39262    0.0      0.0      28716    /usr/bin/xterm
teo        39296    0.0      0.0      27952    /usr/bin/xterm
teo        39297    0.0      0.0      27952    /usr/bin/xterm
--------------------------------------------------------------------

====================================================================
2025-02-06 21:35:58 - CPU and Memory Usage for Kathara-Related Processes
====================================================================
USER       PID      %CPU     %MEM     VSZ(KB)  COMMAND
--------------------------------------------------------------------
root       38635    60.2     0.0      1668     vde_switch
teo        39110    1.0      1.1      213236   /usr/lib/kathara/kathara
teo        39274    1.0      1.1      213240   /usr/lib/kathara/kathara
teo        39307    1.0      1.1      213248   /usr/lib/kathara/kathara
teo        39308    1.0      1.1      213240   /usr/lib/kathara/kathara
teo        39309    1.0      1.1      213244   /usr/lib/kathara/kathara
teo        39310    1.0      1.1      213244   /usr/lib/kathara/kathara
root       1997     0.6      0.0      718376   ./katharanp
root       1897     0.1      0.6      3762844  /usr/bin/dockerd
root       38524    0.1      0.0      18608    /bin/bash
root       38522    0.0      0.0      28316    sudo
root       38523    0.0      0.0      28316    sudo
root       38632    0.0      0.0      1668     vde_switch
teo        39095    0.0      0.0      27948    /usr/bin/xterm
teo        39203    0.0      0.0      27952    /usr/bin/xterm
teo        39261    0.0      0.0      27948    /usr/bin/xterm
teo        39262    0.0      0.0      28716    /usr/bin/xterm
teo        39296    0.0      0.0      27952    /usr/bin/xterm
teo        39297    0.0      0.0      27952    /usr/bin/xterm
--------------------------------------------------------------------

====================================================================
2025-02-06 21:35:59 - CPU and Memory Usage for Kathara-Related Processes
====================================================================
USER       PID      %CPU     %MEM     VSZ(KB)  COMMAND
--------------------------------------------------------------------
teo        40646    100      0.5      174340   kathara
root       38635    58.9     0.0      1668     vde_switch
teo        39110    1.0      1.1      213236   /usr/lib/kathara/kathara
teo        39274    1.0      1.1      213240   /usr/lib/kathara/kathara
teo        39307    1.0      1.1      213248   /usr/lib/kathara/kathara
teo        39309    1.0      1.1      213244   /usr/lib/kathara/kathara
teo        39310    1.0      1.1      213244   /usr/lib/kathara/kathara
teo        39308    0.9      1.1      213240   /usr/lib/kathara/kathara
root       1997     0.6      0.0      718376   ./katharanp
root       1897     0.1      0.6      3762844  /usr/bin/dockerd
root       38524    0.1      0.0      18608    /bin/bash
root       38522    0.0      0.0      28316    sudo
root       38523    0.0      0.0      28316    sudo
root       38632    0.0      0.0      1668     vde_switch
teo        39095    0.0      0.0      27948    /usr/bin/xterm
teo        39203    0.0      0.0      27952    /usr/bin/xterm
teo        39261    0.0      0.0      27948    /usr/bin/xterm
teo        39262    0.0      0.0      28716    /usr/bin/xterm
teo        39296    0.0      0.0      27952    /usr/bin/xterm
teo        39297    0.0      0.0      27952    /usr/bin/xterm
--------------------------------------------------------------------

====================================================================
2025-02-06 21:36:00 - CPU and Memory Usage for Kathara-Related Processes
====================================================================
USER       PID      %CPU     %MEM     VSZ(KB)  COMMAND
--------------------------------------------------------------------
root       38635    57.8     0.0      1668     vde_switch
teo        40646    29.4     1.1      211732   kathara
teo        39110    1.0      1.1      213236   /usr/lib/kathara/kathara
teo        39274    1.0      1.1      213240   /usr/lib/kathara/kathara
teo        39307    1.0      1.1      213248   /usr/lib/kathara/kathara
teo        39309    1.0      1.1      213244   /usr/lib/kathara/kathara
teo        39308    0.9      1.1      213240   /usr/lib/kathara/kathara
teo        39310    0.9      1.1      213244   /usr/lib/kathara/kathara
root       1997     0.6      0.0      718376   ./katharanp
root       1897     0.1      0.6      3762844  /usr/bin/dockerd
root       38524    0.1      0.0      18608    /bin/bash
root       38522    0.0      0.0      28316    sudo
root       38523    0.0      0.0      28316    sudo
root       38632    0.0      0.0      1668     vde_switch
teo        39095    0.0      0.0      27948    /usr/bin/xterm
teo        39203    0.0      0.0      27952    /usr/bin/xterm
teo        39261    0.0      0.0      27948    /usr/bin/xterm
teo        39262    0.0      0.0      28716    /usr/bin/xterm
teo        39296    0.0      0.0      27952    /usr/bin/xterm
teo        39297    0.0      0.0      27952    /usr/bin/xterm
--------------------------------------------------------------------

====================================================================
2025-02-06 21:36:01 - CPU and Memory Usage for Kathara-Related Processes
====================================================================
USER       PID      %CPU     %MEM     VSZ(KB)  COMMAND
--------------------------------------------------------------------
teo        40646    20.3     1.1      1507348  kathara
root       1997     0.6      0.0      717396   ./katharanp
root       1897     0.1      0.6      3763100  /usr/bin/dockerd
root       38524    0.1      0.0      18608    /bin/bash
root       38522    0.0      0.0      28316    sudo
root       38523    0.0      0.0      28316    sudo
--------------------------------------------------------------------

====================================================================
2025-02-06 21:36:02 - CPU and Memory Usage for Kathara-Related Processes
====================================================================
USER       PID      %CPU     %MEM     VSZ(KB)  COMMAND
--------------------------------------------------------------------
root       1997     0.6      0.0      717396   ./katharanp
root       1897     0.1      0.6      3763100  /usr/bin/dockerd
root       38524    0.1      0.0      18608    /bin/bash
root       38522    0.0      0.0      28316    sudo
root       38523    0.0      0.0      28316    sudo
--------------------------------------------------------------------

====================================================================
2025-02-06 21:36:03 - CPU and Memory Usage for Kathara-Related Processes
====================================================================
USER       PID      %CPU     %MEM     VSZ(KB)  COMMAND
--------------------------------------------------------------------
root       1997     0.6      0.0      717396   ./katharanp
root       1897     0.1      0.6      3763100  /usr/bin/dockerd
root       38524    0.1      0.0      18608    /bin/bash
root       38522    0.0      0.0      28316    sudo
root       38523    0.0      0.0      28316    sudo
--------------------------------------------------------------------

====================================================================
2025-02-06 21:36:04 - CPU and Memory Usage for Kathara-Related Processes
====================================================================
USER       PID      %CPU     %MEM     VSZ(KB)  COMMAND
--------------------------------------------------------------------
root       1997     0.6      0.0      717396   ./katharanp
root       1897     0.1      0.6      3763100  /usr/bin/dockerd
root       38524    0.1      0.0      18608    /bin/bash
root       38522    0.0      0.0      28316    sudo
root       38523    0.0      0.0      28316    sudo
--------------------------------------------------------------------

====================================================================
2025-02-06 21:36:05 - CPU and Memory Usage for Kathara-Related Processes
====================================================================
USER       PID      %CPU     %MEM     VSZ(KB)  COMMAND
--------------------------------------------------------------------
root       1997     0.6      0.0      717396   ./katharanp
root       1897     0.1      0.6      3763100  /usr/bin/dockerd
root       38524    0.1      0.0      18608    /bin/bash
root       38522    0.0      0.0      28316    sudo
root       38523    0.0      0.0      28316    sudo
--------------------------------------------------------------------

====================================================================
2025-02-06 21:36:06 - CPU and Memory Usage for Kathara-Related Processes
====================================================================
USER       PID      %CPU     %MEM     VSZ(KB)  COMMAND
--------------------------------------------------------------------
root       1997     0.6      0.0      717396   ./katharanp
root       1897     0.1      0.6      3763100  /usr/bin/dockerd
root       38524    0.1      0.0      18608    /bin/bash
root       38522    0.0      0.0      28316    sudo
root       38523    0.0      0.0      28316    sudo
--------------------------------------------------------------------

